In YugabyteDB, setting LC_COLLATE to C and all other locale settings to en_US.UTF-8 by default. Locale support will be enhanced as part of addressing https://github.com/yugabyte/yugabyte-db/issues/1557
2021-12-21 18:52:51.758 UTC [185] LOG:  YugaByte is ENABLED in PostgreSQL. Transactions are enabled.
2021-12-21 18:52:51.769 UTC [185] LOG:  pgaudit extension initialized
2021-12-21 18:52:51.770 UTC [185] LOG:  listening on IPv4 address "0.0.0.0", port 5433
2021-12-21 18:52:51.778 UTC [185] LOG:  listening on Unix socket "/tmp/.yb.8228272234018189749/.s.PGSQL.5433"
2021-12-21 18:52:51.838 UTC [185] LOG:  redirecting log output to logging collector process
2021-12-21 18:52:51.838 UTC [185] HINT:  Future log output will appear in directory "/home/yugabyte/yb_data/data/yb-data/tserver/logs".
2021-12-21 21:08:52.226 UTC [176] LOG:  YugaByte is ENABLED in PostgreSQL. Transactions are enabled.
2021-12-21 21:08:52.254 UTC [176] LOG:  pgaudit extension initialized
2021-12-21 21:08:52.257 UTC [176] LOG:  listening on IPv4 address "0.0.0.0", port 5433
2021-12-21 21:08:52.265 UTC [176] LOG:  listening on Unix socket "/tmp/.yb.8228272234018189749/.s.PGSQL.5433"
2021-12-21 21:08:52.348 UTC [176] LOG:  redirecting log output to logging collector process
2021-12-21 21:08:52.348 UTC [176] HINT:  Future log output will appear in directory "/home/yugabyte/yb_data/data/yb-data/tserver/logs".
2021-12-21 21:10:56.520 UTC [171] LOG:  YugaByte is ENABLED in PostgreSQL. Transactions are enabled.
2021-12-21 21:10:56.556 UTC [171] LOG:  pgaudit extension initialized
2021-12-21 21:10:56.559 UTC [171] LOG:  listening on IPv4 address "0.0.0.0", port 5433
2021-12-21 21:10:56.570 UTC [171] LOG:  listening on Unix socket "/tmp/.yb.8228272234018189749/.s.PGSQL.5433"
2021-12-21 21:10:56.704 UTC [171] LOG:  redirecting log output to logging collector process
2021-12-21 21:10:56.704 UTC [171] HINT:  Future log output will appear in directory "/home/yugabyte/yb_data/data/yb-data/tserver/logs".
2021-12-21 21:15:43.581 UTC [170] LOG:  YugaByte is ENABLED in PostgreSQL. Transactions are enabled.
2021-12-21 21:15:43.600 UTC [170] LOG:  pgaudit extension initialized
2021-12-21 21:15:43.606 UTC [170] LOG:  listening on IPv4 address "0.0.0.0", port 5433
2021-12-21 21:15:43.627 UTC [170] LOG:  listening on Unix socket "/tmp/.yb.8228272234018189749/.s.PGSQL.5433"
2021-12-21 21:15:43.762 UTC [170] LOG:  redirecting log output to logging collector process
2021-12-21 21:15:43.762 UTC [170] HINT:  Future log output will appear in directory "/home/yugabyte/yb_data/data/yb-data/tserver/logs".
