2021-12-21 18:52:51.858 UTC [196] LOG:  database system was shut down at 2021-12-21 18:52:50 UTC
I1221 18:52:51.866803   197 webserver.cc:172] Starting webserver on 0.0.0.0:13000
I1221 18:52:51.867151   197 webserver.cc:177] Document root: /home/yugabyte/www
I1221 18:52:51.867684   197 webserver.cc:167] Webserver listen spec is 0.0.0.0:13000
I1221 18:52:51.868417   197 webserver.cc:266] Webserver started. Bound to: http://0.0.0.0:13000/
2021-12-21 18:52:51.889 UTC [185] LOG:  database system is ready to accept connections
I1221 18:52:53.404091   218 mem_tracker.cc:282] MemTracker: hard memory limit is 1.163766 GB
I1221 18:52:53.404299   218 mem_tracker.cc:284] MemTracker: soft memory limit is 0.989201 GB
I1221 18:52:53.408000   218 thread_pool.cc:171] Starting thread pool { name: pggate_ybclient queue_limit: 10000 max_workers: 1024 }
I1221 18:52:53.409811   218 pggate.cc:161] Reset YSQL bind address to 0.0.0.0:5432
I1221 18:52:53.409924   218 server_base_options.cc:137] Updating master addrs to {127.0.0.1:7100}
I1221 18:52:53.412734   218 pggate.cc:101] InitTServerSharedObject: 0, 0, 10
I1221 18:52:53.413458   218 pg_client.cc:59] Using TServer host_port: 0.0.0.0:9100
I1221 18:52:53.422238   225 async_initializer.cc:82] Starting to init ybclient
I1221 18:52:53.422508   225 client-internal.cc:2355] New master addresses: [127.0.0.1:7100]
I1221 18:52:53.423760   225 async_initializer.cc:86] Successfully built ybclient
I1221 18:52:54.167225   218 thread_pool.cc:171] Starting thread pool { name: TransactionManager queue_limit: 500 max_workers: 50 }
I1221 18:53:00.873800   219 poller.cc:66] Poll stopped: Service unavailable (yb/rpc/scheduler.cc:80): Scheduler is shutting down (system error 108)
I1221 18:53:06.260154   251 mem_tracker.cc:282] MemTracker: hard memory limit is 1.163766 GB
I1221 18:53:06.260318   251 mem_tracker.cc:284] MemTracker: soft memory limit is 0.989201 GB
I1221 18:53:06.262699   251 thread_pool.cc:171] Starting thread pool { name: pggate_ybclient queue_limit: 10000 max_workers: 1024 }
I1221 18:53:06.264286   251 pggate.cc:161] Reset YSQL bind address to 0.0.0.0:5432
I1221 18:53:06.264675   251 server_base_options.cc:137] Updating master addrs to {127.0.0.1:7100}
I1221 18:53:06.266670   251 pggate.cc:101] InitTServerSharedObject: 0, 0, 10
I1221 18:53:06.267096   251 pg_client.cc:59] Using TServer host_port: 0.0.0.0:9100
I1221 18:53:06.270745   258 async_initializer.cc:82] Starting to init ybclient
I1221 18:53:06.271914   258 client-internal.cc:2355] New master addresses: [127.0.0.1:7100]
I1221 18:53:06.273551   258 async_initializer.cc:86] Successfully built ybclient
I1221 18:53:06.750228   253 poller.cc:66] Poll stopped: Service unavailable (yb/rpc/scheduler.cc:80): Scheduler is shutting down (system error 108)
I1221 18:53:07.026331   261 mem_tracker.cc:282] MemTracker: hard memory limit is 1.163766 GB
I1221 18:53:07.026703   261 mem_tracker.cc:284] MemTracker: soft memory limit is 0.989201 GB
I1221 18:53:07.031215   261 thread_pool.cc:171] Starting thread pool { name: pggate_ybclient queue_limit: 10000 max_workers: 1024 }
I1221 18:53:07.034145   261 pggate.cc:161] Reset YSQL bind address to 0.0.0.0:5432
I1221 18:53:07.034484   261 server_base_options.cc:137] Updating master addrs to {127.0.0.1:7100}
I1221 18:53:07.037084   261 pggate.cc:101] InitTServerSharedObject: 0, 0, 10
I1221 18:53:07.037518   261 pg_client.cc:59] Using TServer host_port: 0.0.0.0:9100
I1221 18:53:07.039772   268 async_initializer.cc:82] Starting to init ybclient
I1221 18:53:07.040354   268 client-internal.cc:2355] New master addresses: [127.0.0.1:7100]
I1221 18:53:07.041507   268 async_initializer.cc:86] Successfully built ybclient
I1221 18:53:07.562547   261 thread_pool.cc:171] Starting thread pool { name: TransactionManager queue_limit: 500 max_workers: 50 }
I1221 18:53:07.753742   261 ybccmds.c:473] Creating Table rtdl_catalog_db.public.BUCKETING_COLS
I1221 18:53:08.324365   261 ybccmds.c:473] Creating Table rtdl_catalog_db.public.CDS
I1221 18:53:09.074147   261 ybccmds.c:473] Creating Table rtdl_catalog_db.public.COLUMNS_V2
I1221 18:53:09.522603   261 ybccmds.c:473] Creating Table rtdl_catalog_db.public.DATABASE_PARAMS
I1221 18:53:09.992501   261 ybccmds.c:473] Creating Table rtdl_catalog_db.public.CTLGS
I1221 18:53:10.788219   261 ybccmds.c:753] Creating index rtdl_catalog_db.public.CTLGS_NAME_key
I1221 18:53:11.283943   261 pg_txn_manager.cc:264] Using TServer host_port: 0.0.0.0:9100
I1221 18:53:11.420276   261 ybccmds.c:473] Creating Table rtdl_catalog_db.public.DBS
I1221 18:53:12.031381   261 ybccmds.c:473] Creating Table rtdl_catalog_db.public.DB_PRIVS
I1221 18:53:12.630254   261 ybccmds.c:473] Creating Table rtdl_catalog_db.public.GLOBAL_PRIVS
I1221 18:53:13.529361   261 ybccmds.c:473] Creating Table rtdl_catalog_db.public.IDXS
I1221 18:53:14.328482   261 ybccmds.c:473] Creating Table rtdl_catalog_db.public.INDEX_PARAMS
I1221 18:53:15.007473   261 ybccmds.c:473] Creating Table rtdl_catalog_db.public.NUCLEUS_TABLES
I1221 18:53:15.491525   261 ybccmds.c:473] Creating Table rtdl_catalog_db.public.PARTITIONS
I1221 18:53:15.967407   261 ybccmds.c:473] Creating Table rtdl_catalog_db.public.PARTITION_EVENTS
I1221 18:53:16.427683   261 ybccmds.c:473] Creating Table rtdl_catalog_db.public.PARTITION_KEYS
I1221 18:53:16.940357   261 ybccmds.c:473] Creating Table rtdl_catalog_db.public.PARTITION_KEY_VALS
I1221 18:53:17.460253   261 ybccmds.c:473] Creating Table rtdl_catalog_db.public.PARTITION_PARAMS
I1221 18:53:17.935217   261 ybccmds.c:473] Creating Table rtdl_catalog_db.public.PART_COL_PRIVS
I1221 18:53:18.573585   261 ybccmds.c:473] Creating Table rtdl_catalog_db.public.PART_PRIVS
I1221 18:53:19.197700   261 ybccmds.c:473] Creating Table rtdl_catalog_db.public.ROLES
I1221 18:53:19.959370   261 ybccmds.c:473] Creating Table rtdl_catalog_db.public.ROLE_MAP
I1221 18:53:20.715118   261 ybccmds.c:473] Creating Table rtdl_catalog_db.public.SDS
I1221 18:53:21.207509   261 ybccmds.c:473] Creating Table rtdl_catalog_db.public.SD_PARAMS
I1221 18:53:21.662356   261 ybccmds.c:473] Creating Table rtdl_catalog_db.public.SEQUENCE_TABLE
I1221 18:53:22.199436   261 ybccmds.c:473] Creating Table rtdl_catalog_db.public.SERDES
I1221 18:53:22.908104   261 ybccmds.c:473] Creating Table rtdl_catalog_db.public.SERDE_PARAMS
I1221 18:53:23.354763   261 ybccmds.c:473] Creating Table rtdl_catalog_db.public.SORT_COLS
I1221 18:53:24.138332   261 ybccmds.c:473] Creating Table rtdl_catalog_db.public.TABLE_PARAMS
I1221 18:53:24.646344   261 ybccmds.c:473] Creating Table rtdl_catalog_db.public.TBLS
I1221 18:53:25.286662   261 ybccmds.c:473] Creating Table rtdl_catalog_db.public.MV_CREATION_METADATA
I1221 18:53:26.039002   261 ybccmds.c:473] Creating Table rtdl_catalog_db.public.MV_TABLES_USED
I1221 18:53:26.542601   261 ybccmds.c:473] Creating Table rtdl_catalog_db.public.TBL_COL_PRIVS
I1221 18:53:27.345968   261 ybccmds.c:473] Creating Table rtdl_catalog_db.public.TBL_PRIVS
I1221 18:53:28.298404   261 ybccmds.c:473] Creating Table rtdl_catalog_db.public.TYPES
I1221 18:53:28.894356   261 ybccmds.c:473] Creating Table rtdl_catalog_db.public.TYPE_FIELDS
I1221 18:53:29.562707   261 ybccmds.c:473] Creating Table rtdl_catalog_db.public.SKEWED_STRING_LIST
I1221 18:53:30.242303   261 ybccmds.c:473] Creating Table rtdl_catalog_db.public.SKEWED_STRING_LIST_VALUES
I1221 18:53:30.762845   261 ybccmds.c:473] Creating Table rtdl_catalog_db.public.SKEWED_COL_NAMES
I1221 18:53:31.211030   261 ybccmds.c:473] Creating Table rtdl_catalog_db.public.SKEWED_COL_VALUE_LOC_MAP
I1221 18:53:31.654525   261 ybccmds.c:473] Creating Table rtdl_catalog_db.public.SKEWED_VALUES
I1221 18:53:32.779326   261 ybccmds.c:473] Creating Table rtdl_catalog_db.public.MASTER_KEYS
I1221 18:53:33.642751   261 ybccmds.c:473] Creating Table rtdl_catalog_db.public.DELEGATION_TOKENS
I1221 18:53:34.281764   261 ybccmds.c:473] Creating Table rtdl_catalog_db.public.TAB_COL_STATS
I1221 18:53:34.878652   261 ybccmds.c:473] Creating Table rtdl_catalog_db.public.VERSION
I1221 18:53:35.577315   261 ybccmds.c:473] Creating Table rtdl_catalog_db.public.PART_COL_STATS
I1221 18:53:36.139361   261 ybccmds.c:473] Creating Table rtdl_catalog_db.public.FUNCS
I1221 18:53:36.625528   261 ybccmds.c:473] Creating Table rtdl_catalog_db.public.FUNC_RU
I1221 18:53:37.148336   261 ybccmds.c:473] Creating Table rtdl_catalog_db.public.NOTIFICATION_LOG
I1221 18:53:37.677709   261 ybccmds.c:473] Creating Table rtdl_catalog_db.public.NOTIFICATION_SEQUENCE
I1221 18:53:38.237397   261 ybccmds.c:473] Creating Table rtdl_catalog_db.public.KEY_CONSTRAINTS
I1221 18:53:38.786288   261 ybccmds.c:473] Creating Table rtdl_catalog_db.public.METASTORE_DB_PROPERTIES
I1221 18:53:39.226742   261 ybccmds.c:473] Creating Table rtdl_catalog_db.public.WM_RESOURCEPLAN
I1221 18:53:39.684514   261 ybccmds.c:473] Creating Table rtdl_catalog_db.public.WM_POOL
I1221 18:53:40.100451   261 ybccmds.c:473] Creating Table rtdl_catalog_db.public.WM_TRIGGER
I1221 18:53:40.591727   261 ybccmds.c:473] Creating Table rtdl_catalog_db.public.WM_POOL_TO_TRIGGER
I1221 18:53:41.001143   261 ybccmds.c:473] Creating Table rtdl_catalog_db.public.WM_MAPPING
I1221 18:53:41.640409   261 ybccmds.c:473] Creating Table rtdl_catalog_db.public.BUCKETING_COLS
I1221 18:53:42.722543   261 ybccmds.c:473] Creating Table rtdl_catalog_db.public.CDS
I1221 18:53:44.537061   261 ybccmds.c:473] Creating Table rtdl_catalog_db.public.COLUMNS_V2
I1221 18:53:46.363086   261 ybccmds.c:473] Creating Table rtdl_catalog_db.public.DATABASE_PARAMS
I1221 18:53:47.585544   261 ybccmds.c:753] Creating index rtdl_catalog_db.public.DBPRIVILEGEINDEX
I1221 18:53:48.381692   261 ybccmds.c:473] Creating Table rtdl_catalog_db.public.DBS
I1221 18:53:51.512590   261 ybccmds.c:473] Creating Table rtdl_catalog_db.public.DB_PRIVS
I1221 18:53:52.909467   261 ybccmds.c:753] Creating index rtdl_catalog_db.public.DBPRIVILEGEINDEX
I1221 18:53:56.301856   261 ybccmds.c:753] Creating index rtdl_catalog_db.public.GLOBALPRIVILEGEINDEX
I1221 18:53:57.377108   261 ybccmds.c:473] Creating Table rtdl_catalog_db.public.GLOBAL_PRIVS
I1221 18:53:58.222193   261 ybccmds.c:753] Creating index rtdl_catalog_db.public.GLOBALPRIVILEGEINDEX
I1221 18:53:59.822844   261 ybccmds.c:473] Creating Table rtdl_catalog_db.public.IDXS
I1221 18:54:00.995178   261 ybccmds.c:473] Creating Table rtdl_catalog_db.public.INDEX_PARAMS
I1221 18:54:02.315002   261 ybccmds.c:473] Creating Table rtdl_catalog_db.public.NUCLEUS_TABLES
I1221 18:54:03.630502   261 ybccmds.c:473] Creating Table rtdl_catalog_db.public.PARTITIONS
I1221 18:54:04.746935   261 ybccmds.c:473] Creating Table rtdl_catalog_db.public.PARTITION_EVENTS
I1221 18:54:06.483289   261 ybccmds.c:473] Creating Table rtdl_catalog_db.public.PARTITION_KEYS
I1221 18:54:08.514575   261 ybccmds.c:473] Creating Table rtdl_catalog_db.public.PARTITION_KEY_VALS
I1221 18:54:09.843307   261 ybccmds.c:473] Creating Table rtdl_catalog_db.public.PARTITION_PARAMS
I1221 18:54:10.951190   261 ybccmds.c:473] Creating Table rtdl_catalog_db.public.PART_COL_PRIVS
I1221 18:54:12.665129   261 ybccmds.c:473] Creating Table rtdl_catalog_db.public.PART_PRIVS
I1221 18:54:13.857270   261 ybccmds.c:753] Creating index rtdl_catalog_db.public.ROLEENTITYINDEX
I1221 18:54:14.717387   261 ybccmds.c:473] Creating Table rtdl_catalog_db.public.ROLES
I1221 18:54:15.404407   261 ybccmds.c:753] Creating index rtdl_catalog_db.public.ROLEENTITYINDEX
I1221 18:54:16.921833   261 ybccmds.c:473] Creating Table rtdl_catalog_db.public.ROLE_MAP
I1221 18:54:18.220634   261 ybccmds.c:473] Creating Table rtdl_catalog_db.public.SDS
I1221 18:54:19.429256   261 ybccmds.c:473] Creating Table rtdl_catalog_db.public.SD_PARAMS
I1221 18:54:20.470579   261 ybccmds.c:473] Creating Table rtdl_catalog_db.public.SEQUENCE_TABLE
I1221 18:54:21.758193   261 ybccmds.c:473] Creating Table rtdl_catalog_db.public.SERDES
I1221 18:54:22.893275   261 ybccmds.c:473] Creating Table rtdl_catalog_db.public.SERDE_PARAMS
I1221 18:54:24.276593   261 ybccmds.c:473] Creating Table rtdl_catalog_db.public.SORT_COLS
I1221 18:54:25.859346   261 ybccmds.c:473] Creating Table rtdl_catalog_db.public.TABLE_PARAMS
I1221 18:54:27.114840   261 ybccmds.c:473] Creating Table rtdl_catalog_db.public.TBLS
I1221 18:54:28.650436   261 ybccmds.c:473] Creating Table rtdl_catalog_db.public.TBL_COL_PRIVS
I1221 18:54:30.043887   261 ybccmds.c:473] Creating Table rtdl_catalog_db.public.TBL_PRIVS
I1221 18:54:31.487851   261 ybccmds.c:473] Creating Table rtdl_catalog_db.public.TYPES
I1221 18:54:32.853114   261 ybccmds.c:473] Creating Table rtdl_catalog_db.public.TYPE_FIELDS
I1221 18:54:33.888155   261 ybccmds.c:473] Creating Table rtdl_catalog_db.public.SKEWED_STRING_LIST
I1221 18:54:34.906819   261 ybccmds.c:473] Creating Table rtdl_catalog_db.public.SKEWED_STRING_LIST_VALUES
I1221 18:54:36.002197   261 ybccmds.c:473] Creating Table rtdl_catalog_db.public.SKEWED_COL_NAMES
I1221 18:54:37.309578   261 ybccmds.c:473] Creating Table rtdl_catalog_db.public.SKEWED_COL_VALUE_LOC_MAP
I1221 18:54:38.847503   261 ybccmds.c:473] Creating Table rtdl_catalog_db.public.SKEWED_VALUES
I1221 18:54:40.323801   261 ybccmds.c:473] Creating Table rtdl_catalog_db.public.TAB_COL_STATS
I1221 18:54:41.746493   261 ybccmds.c:473] Creating Table rtdl_catalog_db.public.PART_COL_STATS
I1221 18:54:43.458602   261 ybccmds.c:753] Creating index rtdl_catalog_db.public.UNIQUEINDEX
I1221 18:54:44.768857   261 ybccmds.c:753] Creating index rtdl_catalog_db.public.UNIQUEPARTITION
I1221 18:54:45.543092   261 ybccmds.c:753] Creating index rtdl_catalog_db.public.UNIQUETABLE
I1221 18:54:46.127558   261 ybccmds.c:753] Creating index rtdl_catalog_db.public.UNIQUE_DATABASE
I1221 18:54:46.900341   261 ybccmds.c:753] Creating index rtdl_catalog_db.public.UNIQUE_TYPE
I1221 18:54:47.647547   261 ybccmds.c:753] Creating index rtdl_catalog_db.public.USERROLEMAPINDEX
I1221 18:54:48.534826   261 ybccmds.c:473] Creating Table rtdl_catalog_db.public.METASTORE_DB_PROPERTIES
I1221 18:54:50.389374   261 ybccmds.c:473] Creating Table rtdl_catalog_db.public.WM_RESOURCEPLAN
I1221 18:54:51.487776   261 ybccmds.c:753] Creating index rtdl_catalog_db.public.UNIQUE_WM_RESOURCEPLAN
I1221 18:54:52.373651   261 ybccmds.c:473] Creating Table rtdl_catalog_db.public.WM_POOL
I1221 18:54:54.267942   261 ybccmds.c:753] Creating index rtdl_catalog_db.public.UNIQUE_WM_POOL
I1221 18:54:56.005340   261 ybccmds.c:473] Creating Table rtdl_catalog_db.public.WM_TRIGGER
I1221 18:54:57.314765   261 ybccmds.c:753] Creating index rtdl_catalog_db.public.UNIQUE_WM_TRIGGER
I1221 18:54:58.011291   261 ybccmds.c:473] Creating Table rtdl_catalog_db.public.WM_POOL_TO_TRIGGER
I1221 18:54:59.051788   261 ybccmds.c:473] Creating Table rtdl_catalog_db.public.WM_MAPPING
I1221 18:55:00.179436   261 ybccmds.c:753] Creating index rtdl_catalog_db.public.UNIQUE_WM_MAPPING
I1221 18:55:00.946190   261 ybccmds.c:753] Creating index rtdl_catalog_db.public.BUCKETING_COLS_N49
2021-12-21 18:55:01.649 UTC [261] LOG:  committing pg_index tuple with indislive=true
2021-12-21 18:55:01.649 UTC [261] STATEMENT:  CREATE INDEX "BUCKETING_COLS_N49" ON "BUCKETING_COLS" USING btree ("SD_ID")
2021-12-21 18:55:02.677 UTC [261] LOG:  committing pg_index tuple with indisready=true
2021-12-21 18:55:02.677 UTC [261] STATEMENT:  CREATE INDEX "BUCKETING_COLS_N49" ON "BUCKETING_COLS" USING btree ("SD_ID")
I1221 18:55:03.711799   804 mem_tracker.cc:282] MemTracker: hard memory limit is 1.163766 GB
I1221 18:55:03.712141   804 mem_tracker.cc:284] MemTracker: soft memory limit is 0.989201 GB
I1221 18:55:03.715402   804 thread_pool.cc:171] Starting thread pool { name: pggate_ybclient queue_limit: 10000 max_workers: 1024 }
I1221 18:55:03.717465   804 pggate.cc:161] Reset YSQL bind address to 0.0.0.0:5432
I1221 18:55:03.717736   804 server_base_options.cc:137] Updating master addrs to {127.0.0.1:7100}
I1221 18:55:03.720029   804 pggate.cc:101] InitTServerSharedObject: 0, 0, 10
I1221 18:55:03.720849   804 pg_client.cc:59] Using TServer host_port: 0.0.0.0:9100
I1221 18:55:03.723747   811 async_initializer.cc:82] Starting to init ybclient
I1221 18:55:03.725617   811 client-internal.cc:2355] New master addresses: [127.0.0.1:7100]
I1221 18:55:03.729504   811 async_initializer.cc:86] Successfully built ybclient
I1221 18:55:04.393518   807 poller.cc:66] Poll stopped: Service unavailable (yb/rpc/scheduler.cc:80): Scheduler is shutting down (system error 108)
I1221 18:55:04.933058   261 ybccmds.c:753] Creating index rtdl_catalog_db.public.DATABASE_PARAMS_N49
2021-12-21 18:55:05.575 UTC [261] LOG:  committing pg_index tuple with indislive=true
2021-12-21 18:55:05.575 UTC [261] STATEMENT:  CREATE INDEX "DATABASE_PARAMS_N49" ON "DATABASE_PARAMS" USING btree ("DB_ID")
2021-12-21 18:55:06.595 UTC [261] LOG:  committing pg_index tuple with indisready=true
2021-12-21 18:55:06.595 UTC [261] STATEMENT:  CREATE INDEX "DATABASE_PARAMS_N49" ON "DATABASE_PARAMS" USING btree ("DB_ID")
I1221 18:55:07.622185   824 mem_tracker.cc:282] MemTracker: hard memory limit is 1.163766 GB
I1221 18:55:07.622550   824 mem_tracker.cc:284] MemTracker: soft memory limit is 0.989201 GB
I1221 18:55:07.625224   824 thread_pool.cc:171] Starting thread pool { name: pggate_ybclient queue_limit: 10000 max_workers: 1024 }
I1221 18:55:07.626996   824 pggate.cc:161] Reset YSQL bind address to 0.0.0.0:5432
I1221 18:55:07.627133   824 server_base_options.cc:137] Updating master addrs to {127.0.0.1:7100}
I1221 18:55:07.628151   824 pggate.cc:101] InitTServerSharedObject: 0, 0, 10
I1221 18:55:07.628388   824 pg_client.cc:59] Using TServer host_port: 0.0.0.0:9100
I1221 18:55:07.628569   831 async_initializer.cc:82] Starting to init ybclient
I1221 18:55:07.629177   831 client-internal.cc:2355] New master addresses: [127.0.0.1:7100]
I1221 18:55:07.636279   831 async_initializer.cc:86] Successfully built ybclient
I1221 18:55:08.211364   828 poller.cc:66] Poll stopped: Service unavailable (yb/rpc/scheduler.cc:80): Scheduler is shutting down (system error 108)
I1221 18:55:08.355300   261 ybccmds.c:753] Creating index rtdl_catalog_db.public.DB_PRIVS_N49
2021-12-21 18:55:09.006 UTC [261] LOG:  committing pg_index tuple with indislive=true
2021-12-21 18:55:09.006 UTC [261] STATEMENT:  CREATE INDEX "DB_PRIVS_N49" ON "DB_PRIVS" USING btree ("DB_ID")
2021-12-21 18:55:10.004 UTC [261] LOG:  committing pg_index tuple with indisready=true
2021-12-21 18:55:10.004 UTC [261] STATEMENT:  CREATE INDEX "DB_PRIVS_N49" ON "DB_PRIVS" USING btree ("DB_ID")
I1221 18:55:11.038698   845 mem_tracker.cc:282] MemTracker: hard memory limit is 1.163766 GB
I1221 18:55:11.039011   845 mem_tracker.cc:284] MemTracker: soft memory limit is 0.989201 GB
I1221 18:55:11.042639   845 thread_pool.cc:171] Starting thread pool { name: pggate_ybclient queue_limit: 10000 max_workers: 1024 }
I1221 18:55:11.045697   845 pggate.cc:161] Reset YSQL bind address to 0.0.0.0:5432
I1221 18:55:11.046300   845 server_base_options.cc:137] Updating master addrs to {127.0.0.1:7100}
I1221 18:55:11.048653   845 pggate.cc:101] InitTServerSharedObject: 0, 0, 10
I1221 18:55:11.049551   845 pg_client.cc:59] Using TServer host_port: 0.0.0.0:9100
I1221 18:55:11.050215   852 async_initializer.cc:82] Starting to init ybclient
I1221 18:55:11.051635   852 client-internal.cc:2355] New master addresses: [127.0.0.1:7100]
I1221 18:55:11.054834   852 async_initializer.cc:86] Successfully built ybclient
I1221 18:55:11.691310   849 poller.cc:66] Poll stopped: Service unavailable (yb/rpc/scheduler.cc:80): Scheduler is shutting down (system error 108)
I1221 18:55:12.178351   261 ybccmds.c:753] Creating index rtdl_catalog_db.public.IDXS_N49
2021-12-21 18:55:12.891 UTC [261] LOG:  committing pg_index tuple with indislive=true
2021-12-21 18:55:12.891 UTC [261] STATEMENT:  CREATE INDEX "IDXS_N49" ON "IDXS" USING btree ("ORIG_TBL_ID")
2021-12-21 18:55:13.919 UTC [261] LOG:  committing pg_index tuple with indisready=true
2021-12-21 18:55:13.919 UTC [261] STATEMENT:  CREATE INDEX "IDXS_N49" ON "IDXS" USING btree ("ORIG_TBL_ID")
I1221 18:55:14.974350   883 mem_tracker.cc:282] MemTracker: hard memory limit is 1.163766 GB
I1221 18:55:14.974642   883 mem_tracker.cc:284] MemTracker: soft memory limit is 0.989201 GB
I1221 18:55:14.977974   883 thread_pool.cc:171] Starting thread pool { name: pggate_ybclient queue_limit: 10000 max_workers: 1024 }
I1221 18:55:14.979696   883 pggate.cc:161] Reset YSQL bind address to 0.0.0.0:5432
I1221 18:55:14.979815   883 server_base_options.cc:137] Updating master addrs to {127.0.0.1:7100}
I1221 18:55:14.980989   883 pggate.cc:101] InitTServerSharedObject: 0, 0, 10
I1221 18:55:14.981256   883 pg_client.cc:59] Using TServer host_port: 0.0.0.0:9100
I1221 18:55:14.981458   890 async_initializer.cc:82] Starting to init ybclient
I1221 18:55:14.982100   890 client-internal.cc:2355] New master addresses: [127.0.0.1:7100]
I1221 18:55:14.986117   890 async_initializer.cc:86] Successfully built ybclient
I1221 18:55:15.606341   886 poller.cc:66] Poll stopped: Service unavailable (yb/rpc/scheduler.cc:80): Scheduler is shutting down (system error 108)
I1221 18:55:16.181047   261 ybccmds.c:753] Creating index rtdl_catalog_db.public.IDXS_N50
2021-12-21 18:55:16.894 UTC [261] LOG:  committing pg_index tuple with indislive=true
2021-12-21 18:55:16.894 UTC [261] STATEMENT:  CREATE INDEX "IDXS_N50" ON "IDXS" USING btree ("INDEX_TBL_ID")
2021-12-21 18:55:17.914 UTC [261] LOG:  committing pg_index tuple with indisready=true
2021-12-21 18:55:17.914 UTC [261] STATEMENT:  CREATE INDEX "IDXS_N50" ON "IDXS" USING btree ("INDEX_TBL_ID")
I1221 18:55:18.960496   906 mem_tracker.cc:282] MemTracker: hard memory limit is 1.163766 GB
I1221 18:55:18.961097   906 mem_tracker.cc:284] MemTracker: soft memory limit is 0.989201 GB
I1221 18:55:18.965188   906 thread_pool.cc:171] Starting thread pool { name: pggate_ybclient queue_limit: 10000 max_workers: 1024 }
I1221 18:55:18.968418   906 pggate.cc:161] Reset YSQL bind address to 0.0.0.0:5432
I1221 18:55:18.968920   906 server_base_options.cc:137] Updating master addrs to {127.0.0.1:7100}
I1221 18:55:18.969940   906 pggate.cc:101] InitTServerSharedObject: 0, 0, 10
I1221 18:55:18.970350   906 pg_client.cc:59] Using TServer host_port: 0.0.0.0:9100
I1221 18:55:18.970383   913 async_initializer.cc:82] Starting to init ybclient
I1221 18:55:18.970791   913 client-internal.cc:2355] New master addresses: [127.0.0.1:7100]
I1221 18:55:18.974366   913 async_initializer.cc:86] Successfully built ybclient
I1221 18:55:19.859702   910 poller.cc:66] Poll stopped: Service unavailable (yb/rpc/scheduler.cc:80): Scheduler is shutting down (system error 108)
I1221 18:55:20.280815   261 ybccmds.c:753] Creating index rtdl_catalog_db.public.IDXS_N51
2021-12-21 18:55:20.929 UTC [261] LOG:  committing pg_index tuple with indislive=true
2021-12-21 18:55:20.929 UTC [261] STATEMENT:  CREATE INDEX "IDXS_N51" ON "IDXS" USING btree ("SD_ID")
2021-12-21 18:55:21.947 UTC [261] LOG:  committing pg_index tuple with indisready=true
2021-12-21 18:55:21.947 UTC [261] STATEMENT:  CREATE INDEX "IDXS_N51" ON "IDXS" USING btree ("SD_ID")
I1221 18:55:22.992331   944 mem_tracker.cc:282] MemTracker: hard memory limit is 1.163766 GB
I1221 18:55:22.992498   944 mem_tracker.cc:284] MemTracker: soft memory limit is 0.989201 GB
I1221 18:55:23.006649   944 thread_pool.cc:171] Starting thread pool { name: pggate_ybclient queue_limit: 10000 max_workers: 1024 }
I1221 18:55:23.010443   944 pggate.cc:161] Reset YSQL bind address to 0.0.0.0:5432
I1221 18:55:23.010569   944 server_base_options.cc:137] Updating master addrs to {127.0.0.1:7100}
I1221 18:55:23.012137   944 pggate.cc:101] InitTServerSharedObject: 0, 0, 10
I1221 18:55:23.012542   944 pg_client.cc:59] Using TServer host_port: 0.0.0.0:9100
I1221 18:55:23.013034   951 async_initializer.cc:82] Starting to init ybclient
I1221 18:55:23.014508   951 client-internal.cc:2355] New master addresses: [127.0.0.1:7100]
I1221 18:55:23.017333   951 async_initializer.cc:86] Successfully built ybclient
I1221 18:55:23.529058   947 poller.cc:66] Poll stopped: Service unavailable (yb/rpc/scheduler.cc:80): Scheduler is shutting down (system error 108)
I1221 18:55:23.675030   261 ybccmds.c:753] Creating index rtdl_catalog_db.public.INDEX_PARAMS_N49
2021-12-21 18:55:24.365 UTC [261] LOG:  committing pg_index tuple with indislive=true
2021-12-21 18:55:24.365 UTC [261] STATEMENT:  CREATE INDEX "INDEX_PARAMS_N49" ON "INDEX_PARAMS" USING btree ("INDEX_ID")
2021-12-21 18:55:25.387 UTC [261] LOG:  committing pg_index tuple with indisready=true
2021-12-21 18:55:25.387 UTC [261] STATEMENT:  CREATE INDEX "INDEX_PARAMS_N49" ON "INDEX_PARAMS" USING btree ("INDEX_ID")
I1221 18:55:26.422475   965 mem_tracker.cc:282] MemTracker: hard memory limit is 1.163766 GB
I1221 18:55:26.422659   965 mem_tracker.cc:284] MemTracker: soft memory limit is 0.989201 GB
I1221 18:55:26.429713   965 thread_pool.cc:171] Starting thread pool { name: pggate_ybclient queue_limit: 10000 max_workers: 1024 }
I1221 18:55:26.433050   965 pggate.cc:161] Reset YSQL bind address to 0.0.0.0:5432
I1221 18:55:26.433393   965 server_base_options.cc:137] Updating master addrs to {127.0.0.1:7100}
I1221 18:55:26.434733   965 pggate.cc:101] InitTServerSharedObject: 0, 0, 10
I1221 18:55:26.435070   965 pg_client.cc:59] Using TServer host_port: 0.0.0.0:9100
I1221 18:55:26.437510   972 async_initializer.cc:82] Starting to init ybclient
I1221 18:55:26.437973   972 client-internal.cc:2355] New master addresses: [127.0.0.1:7100]
I1221 18:55:26.440286   972 async_initializer.cc:86] Successfully built ybclient
I1221 18:55:27.101395   969 poller.cc:66] Poll stopped: Service unavailable (yb/rpc/scheduler.cc:80): Scheduler is shutting down (system error 108)
I1221 18:55:27.728392   261 ybccmds.c:753] Creating index rtdl_catalog_db.public.PARTITIONCOLUMNPRIVILEGEINDEX
2021-12-21 18:55:28.118 UTC [261] LOG:  committing pg_index tuple with indislive=true
2021-12-21 18:55:28.118 UTC [261] STATEMENT:  CREATE INDEX "PARTITIONCOLUMNPRIVILEGEINDEX" ON "PART_COL_PRIVS" USING btree ("AUTHORIZER", "PART_ID", "COLUMN_NAME", "PRINCIPAL_NAME", "PRINCIPAL_TYPE", "PART_COL_PRIV", "GRANTOR", "GRANTOR_TYPE")
2021-12-21 18:55:29.143 UTC [261] LOG:  committing pg_index tuple with indisready=true
2021-12-21 18:55:29.143 UTC [261] STATEMENT:  CREATE INDEX "PARTITIONCOLUMNPRIVILEGEINDEX" ON "PART_COL_PRIVS" USING btree ("AUTHORIZER", "PART_ID", "COLUMN_NAME", "PRINCIPAL_NAME", "PRINCIPAL_TYPE", "PART_COL_PRIV", "GRANTOR", "GRANTOR_TYPE")
I1221 18:55:30.180523   986 mem_tracker.cc:282] MemTracker: hard memory limit is 1.163766 GB
I1221 18:55:30.180855   986 mem_tracker.cc:284] MemTracker: soft memory limit is 0.989201 GB
I1221 18:55:30.184789   986 thread_pool.cc:171] Starting thread pool { name: pggate_ybclient queue_limit: 10000 max_workers: 1024 }
I1221 18:55:30.188002   986 pggate.cc:161] Reset YSQL bind address to 0.0.0.0:5432
I1221 18:55:30.188977   986 server_base_options.cc:137] Updating master addrs to {127.0.0.1:7100}
I1221 18:55:30.190479   986 pggate.cc:101] InitTServerSharedObject: 0, 0, 10
I1221 18:55:30.191306   986 pg_client.cc:59] Using TServer host_port: 0.0.0.0:9100
I1221 18:55:30.191351   993 async_initializer.cc:82] Starting to init ybclient
I1221 18:55:30.192667   993 client-internal.cc:2355] New master addresses: [127.0.0.1:7100]
I1221 18:55:30.201050   993 async_initializer.cc:86] Successfully built ybclient
I1221 18:55:31.161228   989 poller.cc:66] Poll stopped: Service unavailable (yb/rpc/scheduler.cc:80): Scheduler is shutting down (system error 108)
I1221 18:55:31.450320   261 ybccmds.c:753] Creating index rtdl_catalog_db.public.PARTITIONEVENTINDEX
2021-12-21 18:55:32.113 UTC [261] LOG:  committing pg_index tuple with indislive=true
2021-12-21 18:55:32.113 UTC [261] STATEMENT:  CREATE INDEX "PARTITIONEVENTINDEX" ON "PARTITION_EVENTS" USING btree ("PARTITION_NAME")
2021-12-21 18:55:33.145 UTC [261] LOG:  committing pg_index tuple with indisready=true
2021-12-21 18:55:33.145 UTC [261] STATEMENT:  CREATE INDEX "PARTITIONEVENTINDEX" ON "PARTITION_EVENTS" USING btree ("PARTITION_NAME")
I1221 18:55:34.182163  1022 mem_tracker.cc:282] MemTracker: hard memory limit is 1.163766 GB
I1221 18:55:34.182327  1022 mem_tracker.cc:284] MemTracker: soft memory limit is 0.989201 GB
I1221 18:55:34.186200  1022 thread_pool.cc:171] Starting thread pool { name: pggate_ybclient queue_limit: 10000 max_workers: 1024 }
I1221 18:55:34.189096  1022 pggate.cc:161] Reset YSQL bind address to 0.0.0.0:5432
I1221 18:55:34.189364  1022 server_base_options.cc:137] Updating master addrs to {127.0.0.1:7100}
I1221 18:55:34.191285  1022 pggate.cc:101] InitTServerSharedObject: 0, 0, 10
I1221 18:55:34.197319  1022 pg_client.cc:59] Using TServer host_port: 0.0.0.0:9100
I1221 18:55:34.200932  1029 async_initializer.cc:82] Starting to init ybclient
I1221 18:55:34.201473  1029 client-internal.cc:2355] New master addresses: [127.0.0.1:7100]
I1221 18:55:34.203301  1029 async_initializer.cc:86] Successfully built ybclient
I1221 18:55:35.142589  1025 poller.cc:66] Poll stopped: Service unavailable (yb/rpc/scheduler.cc:80): Scheduler is shutting down (system error 108)
I1221 18:55:35.401736   261 ybccmds.c:753] Creating index rtdl_catalog_db.public.PARTITIONS_N49
2021-12-21 18:55:36.095 UTC [261] LOG:  committing pg_index tuple with indislive=true
2021-12-21 18:55:36.095 UTC [261] STATEMENT:  CREATE INDEX "PARTITIONS_N49" ON "PARTITIONS" USING btree ("TBL_ID")
2021-12-21 18:55:37.123 UTC [261] LOG:  committing pg_index tuple with indisready=true
2021-12-21 18:55:37.123 UTC [261] STATEMENT:  CREATE INDEX "PARTITIONS_N49" ON "PARTITIONS" USING btree ("TBL_ID")
I1221 18:55:38.182006  1042 mem_tracker.cc:282] MemTracker: hard memory limit is 1.163766 GB
I1221 18:55:38.182332  1042 mem_tracker.cc:284] MemTracker: soft memory limit is 0.989201 GB
I1221 18:55:38.185318  1042 thread_pool.cc:171] Starting thread pool { name: pggate_ybclient queue_limit: 10000 max_workers: 1024 }
I1221 18:55:38.187235  1042 pggate.cc:161] Reset YSQL bind address to 0.0.0.0:5432
I1221 18:55:38.188071  1042 server_base_options.cc:137] Updating master addrs to {127.0.0.1:7100}
I1221 18:55:38.190397  1042 pggate.cc:101] InitTServerSharedObject: 0, 0, 10
I1221 18:55:38.190635  1042 pg_client.cc:59] Using TServer host_port: 0.0.0.0:9100
I1221 18:55:38.192526  1049 async_initializer.cc:82] Starting to init ybclient
I1221 18:55:38.192863  1049 client-internal.cc:2355] New master addresses: [127.0.0.1:7100]
I1221 18:55:38.194502  1049 async_initializer.cc:86] Successfully built ybclient
I1221 18:55:38.842224  1045 poller.cc:66] Poll stopped: Service unavailable (yb/rpc/scheduler.cc:80): Scheduler is shutting down (system error 108)
I1221 18:55:39.364048   261 ybccmds.c:753] Creating index rtdl_catalog_db.public.PARTITIONS_N50
2021-12-21 18:55:40.005 UTC [261] LOG:  committing pg_index tuple with indislive=true
2021-12-21 18:55:40.005 UTC [261] STATEMENT:  CREATE INDEX "PARTITIONS_N50" ON "PARTITIONS" USING btree ("SD_ID")
2021-12-21 18:55:41.031 UTC [261] LOG:  committing pg_index tuple with indisready=true
2021-12-21 18:55:41.031 UTC [261] STATEMENT:  CREATE INDEX "PARTITIONS_N50" ON "PARTITIONS" USING btree ("SD_ID")
I1221 18:55:42.063308  1063 mem_tracker.cc:282] MemTracker: hard memory limit is 1.163766 GB
I1221 18:55:42.063570  1063 mem_tracker.cc:284] MemTracker: soft memory limit is 0.989201 GB
I1221 18:55:42.067761  1063 thread_pool.cc:171] Starting thread pool { name: pggate_ybclient queue_limit: 10000 max_workers: 1024 }
I1221 18:55:42.070116  1063 pggate.cc:161] Reset YSQL bind address to 0.0.0.0:5432
I1221 18:55:42.070379  1063 server_base_options.cc:137] Updating master addrs to {127.0.0.1:7100}
I1221 18:55:42.073333  1063 pggate.cc:101] InitTServerSharedObject: 0, 0, 10
I1221 18:55:42.074368  1070 async_initializer.cc:82] Starting to init ybclient
I1221 18:55:42.074393  1063 pg_client.cc:59] Using TServer host_port: 0.0.0.0:9100
I1221 18:55:42.075383  1070 client-internal.cc:2355] New master addresses: [127.0.0.1:7100]
I1221 18:55:42.077621  1070 async_initializer.cc:86] Successfully built ybclient
I1221 18:55:42.675297  1066 poller.cc:66] Poll stopped: Service unavailable (yb/rpc/scheduler.cc:80): Scheduler is shutting down (system error 108)
I1221 18:55:43.248831   261 ybccmds.c:753] Creating index rtdl_catalog_db.public.PARTITION_KEYS_N49
2021-12-21 18:55:43.641 UTC [261] LOG:  committing pg_index tuple with indislive=true
2021-12-21 18:55:43.641 UTC [261] STATEMENT:  CREATE INDEX "PARTITION_KEYS_N49" ON "PARTITION_KEYS" USING btree ("TBL_ID")
2021-12-21 18:55:44.673 UTC [261] LOG:  committing pg_index tuple with indisready=true
2021-12-21 18:55:44.673 UTC [261] STATEMENT:  CREATE INDEX "PARTITION_KEYS_N49" ON "PARTITION_KEYS" USING btree ("TBL_ID")
I1221 18:55:45.705499  1101 mem_tracker.cc:282] MemTracker: hard memory limit is 1.163766 GB
I1221 18:55:45.705776  1101 mem_tracker.cc:284] MemTracker: soft memory limit is 0.989201 GB
I1221 18:55:45.708276  1101 thread_pool.cc:171] Starting thread pool { name: pggate_ybclient queue_limit: 10000 max_workers: 1024 }
I1221 18:55:45.710366  1101 pggate.cc:161] Reset YSQL bind address to 0.0.0.0:5432
I1221 18:55:45.710811  1101 server_base_options.cc:137] Updating master addrs to {127.0.0.1:7100}
I1221 18:55:45.712600  1101 pggate.cc:101] InitTServerSharedObject: 0, 0, 10
I1221 18:55:45.713060  1101 pg_client.cc:59] Using TServer host_port: 0.0.0.0:9100
I1221 18:55:45.714996  1108 async_initializer.cc:82] Starting to init ybclient
I1221 18:55:45.715302  1108 client-internal.cc:2355] New master addresses: [127.0.0.1:7100]
I1221 18:55:45.717778  1108 async_initializer.cc:86] Successfully built ybclient
I1221 18:55:46.270098  1105 poller.cc:66] Poll stopped: Service unavailable (yb/rpc/scheduler.cc:80): Scheduler is shutting down (system error 108)
I1221 18:55:46.434134   261 ybccmds.c:753] Creating index rtdl_catalog_db.public.PARTITION_KEY_VALS_N49
2021-12-21 18:55:46.835 UTC [261] LOG:  committing pg_index tuple with indislive=true
2021-12-21 18:55:46.835 UTC [261] STATEMENT:  CREATE INDEX "PARTITION_KEY_VALS_N49" ON "PARTITION_KEY_VALS" USING btree ("PART_ID")
2021-12-21 18:55:47.858 UTC [261] LOG:  committing pg_index tuple with indisready=true
2021-12-21 18:55:47.858 UTC [261] STATEMENT:  CREATE INDEX "PARTITION_KEY_VALS_N49" ON "PARTITION_KEY_VALS" USING btree ("PART_ID")
I1221 18:55:48.885509  1122 mem_tracker.cc:282] MemTracker: hard memory limit is 1.163766 GB
I1221 18:55:48.885720  1122 mem_tracker.cc:284] MemTracker: soft memory limit is 0.989201 GB
I1221 18:55:48.888211  1122 thread_pool.cc:171] Starting thread pool { name: pggate_ybclient queue_limit: 10000 max_workers: 1024 }
I1221 18:55:48.889977  1122 pggate.cc:161] Reset YSQL bind address to 0.0.0.0:5432
I1221 18:55:48.890103  1122 server_base_options.cc:137] Updating master addrs to {127.0.0.1:7100}
I1221 18:55:48.891067  1122 pggate.cc:101] InitTServerSharedObject: 0, 0, 10
I1221 18:55:48.891238  1122 pg_client.cc:59] Using TServer host_port: 0.0.0.0:9100
I1221 18:55:48.891383  1129 async_initializer.cc:82] Starting to init ybclient
I1221 18:55:48.891952  1129 client-internal.cc:2355] New master addresses: [127.0.0.1:7100]
I1221 18:55:48.897575  1129 async_initializer.cc:86] Successfully built ybclient
I1221 18:55:49.499385  1124 poller.cc:66] Poll stopped: Service unavailable (yb/rpc/scheduler.cc:80): Scheduler is shutting down (system error 108)
I1221 18:55:50.164773   261 ybccmds.c:753] Creating index rtdl_catalog_db.public.PARTITION_PARAMS_N49
2021-12-21 18:55:50.889 UTC [261] LOG:  committing pg_index tuple with indislive=true
2021-12-21 18:55:50.889 UTC [261] STATEMENT:  CREATE INDEX "PARTITION_PARAMS_N49" ON "PARTITION_PARAMS" USING btree ("PART_ID")
2021-12-21 18:55:51.907 UTC [261] LOG:  committing pg_index tuple with indisready=true
2021-12-21 18:55:51.907 UTC [261] STATEMENT:  CREATE INDEX "PARTITION_PARAMS_N49" ON "PARTITION_PARAMS" USING btree ("PART_ID")
I1221 18:55:52.934482  1152 mem_tracker.cc:282] MemTracker: hard memory limit is 1.163766 GB
I1221 18:55:52.934638  1152 mem_tracker.cc:284] MemTracker: soft memory limit is 0.989201 GB
I1221 18:55:52.946445  1152 thread_pool.cc:171] Starting thread pool { name: pggate_ybclient queue_limit: 10000 max_workers: 1024 }
I1221 18:55:52.948086  1152 pggate.cc:161] Reset YSQL bind address to 0.0.0.0:5432
I1221 18:55:52.948227  1152 server_base_options.cc:137] Updating master addrs to {127.0.0.1:7100}
I1221 18:55:52.950524  1152 pggate.cc:101] InitTServerSharedObject: 0, 0, 10
I1221 18:55:52.950858  1152 pg_client.cc:59] Using TServer host_port: 0.0.0.0:9100
I1221 18:55:52.954996  1159 async_initializer.cc:82] Starting to init ybclient
I1221 18:55:52.955711  1159 client-internal.cc:2355] New master addresses: [127.0.0.1:7100]
I1221 18:55:52.956694  1159 async_initializer.cc:86] Successfully built ybclient
I1221 18:55:53.534289  1154 poller.cc:66] Poll stopped: Service unavailable (yb/rpc/scheduler.cc:80): Scheduler is shutting down (system error 108)
I1221 18:55:53.688634   261 ybccmds.c:753] Creating index rtdl_catalog_db.public.PARTPRIVILEGEINDEX
2021-12-21 18:55:54.359 UTC [261] LOG:  committing pg_index tuple with indislive=true
2021-12-21 18:55:54.359 UTC [261] STATEMENT:  CREATE INDEX "PARTPRIVILEGEINDEX" ON "PART_PRIVS" USING btree ("AUTHORIZER", "PART_ID", "PRINCIPAL_NAME", "PRINCIPAL_TYPE", "PART_PRIV", "GRANTOR", "GRANTOR_TYPE")
2021-12-21 18:55:55.382 UTC [261] LOG:  committing pg_index tuple with indisready=true
2021-12-21 18:55:55.382 UTC [261] STATEMENT:  CREATE INDEX "PARTPRIVILEGEINDEX" ON "PART_PRIVS" USING btree ("AUTHORIZER", "PART_ID", "PRINCIPAL_NAME", "PRINCIPAL_TYPE", "PART_PRIV", "GRANTOR", "GRANTOR_TYPE")
I1221 18:55:56.412364  1181 mem_tracker.cc:282] MemTracker: hard memory limit is 1.163766 GB
I1221 18:55:56.412576  1181 mem_tracker.cc:284] MemTracker: soft memory limit is 0.989201 GB
I1221 18:55:56.415422  1181 thread_pool.cc:171] Starting thread pool { name: pggate_ybclient queue_limit: 10000 max_workers: 1024 }
I1221 18:55:56.417192  1181 pggate.cc:161] Reset YSQL bind address to 0.0.0.0:5432
I1221 18:55:56.417299  1181 server_base_options.cc:137] Updating master addrs to {127.0.0.1:7100}
I1221 18:55:56.418196  1181 pggate.cc:101] InitTServerSharedObject: 0, 0, 10
I1221 18:55:56.418383  1181 pg_client.cc:59] Using TServer host_port: 0.0.0.0:9100
I1221 18:55:56.418545  1188 async_initializer.cc:82] Starting to init ybclient
I1221 18:55:56.418900  1188 client-internal.cc:2355] New master addresses: [127.0.0.1:7100]
I1221 18:55:56.421818  1188 async_initializer.cc:86] Successfully built ybclient
I1221 18:55:56.997043  1184 poller.cc:66] Poll stopped: Service unavailable (yb/rpc/scheduler.cc:80): Scheduler is shutting down (system error 108)
I1221 18:55:57.579162   261 ybccmds.c:753] Creating index rtdl_catalog_db.public.PART_COL_PRIVS_N49
2021-12-21 18:55:58.219 UTC [261] LOG:  committing pg_index tuple with indislive=true
2021-12-21 18:55:58.219 UTC [261] STATEMENT:  CREATE INDEX "PART_COL_PRIVS_N49" ON "PART_COL_PRIVS" USING btree ("PART_ID")
2021-12-21 18:55:59.237 UTC [261] LOG:  committing pg_index tuple with indisready=true
2021-12-21 18:55:59.237 UTC [261] STATEMENT:  CREATE INDEX "PART_COL_PRIVS_N49" ON "PART_COL_PRIVS" USING btree ("PART_ID")
I1221 18:56:00.279564  1203 mem_tracker.cc:282] MemTracker: hard memory limit is 1.163766 GB
I1221 18:56:00.279800  1203 mem_tracker.cc:284] MemTracker: soft memory limit is 0.989201 GB
I1221 18:56:00.303670  1203 thread_pool.cc:171] Starting thread pool { name: pggate_ybclient queue_limit: 10000 max_workers: 1024 }
I1221 18:56:00.306551  1203 pggate.cc:161] Reset YSQL bind address to 0.0.0.0:5432
I1221 18:56:00.306660  1203 server_base_options.cc:137] Updating master addrs to {127.0.0.1:7100}
I1221 18:56:00.307545  1203 pggate.cc:101] InitTServerSharedObject: 0, 0, 10
I1221 18:56:00.308136  1203 pg_client.cc:59] Using TServer host_port: 0.0.0.0:9100
I1221 18:56:00.309602  1210 async_initializer.cc:82] Starting to init ybclient
I1221 18:56:00.310411  1210 client-internal.cc:2355] New master addresses: [127.0.0.1:7100]
I1221 18:56:00.313235  1210 async_initializer.cc:86] Successfully built ybclient
I1221 18:56:00.962325  1207 poller.cc:66] Poll stopped: Service unavailable (yb/rpc/scheduler.cc:80): Scheduler is shutting down (system error 108)
I1221 18:56:01.502765   261 ybccmds.c:753] Creating index rtdl_catalog_db.public.PART_PRIVS_N49
2021-12-21 18:56:02.163 UTC [261] LOG:  committing pg_index tuple with indislive=true
2021-12-21 18:56:02.163 UTC [261] STATEMENT:  CREATE INDEX "PART_PRIVS_N49" ON "PART_PRIVS" USING btree ("PART_ID")
2021-12-21 18:56:03.184 UTC [261] LOG:  committing pg_index tuple with indisready=true
2021-12-21 18:56:03.184 UTC [261] STATEMENT:  CREATE INDEX "PART_PRIVS_N49" ON "PART_PRIVS" USING btree ("PART_ID")
I1221 18:56:04.216048  1241 mem_tracker.cc:282] MemTracker: hard memory limit is 1.163766 GB
I1221 18:56:04.216437  1241 mem_tracker.cc:284] MemTracker: soft memory limit is 0.989201 GB
I1221 18:56:04.220016  1241 thread_pool.cc:171] Starting thread pool { name: pggate_ybclient queue_limit: 10000 max_workers: 1024 }
I1221 18:56:04.222438  1241 pggate.cc:161] Reset YSQL bind address to 0.0.0.0:5432
I1221 18:56:04.222965  1241 server_base_options.cc:137] Updating master addrs to {127.0.0.1:7100}
I1221 18:56:04.225343  1241 pggate.cc:101] InitTServerSharedObject: 0, 0, 10
I1221 18:56:04.226384  1248 async_initializer.cc:82] Starting to init ybclient
I1221 18:56:04.226420  1241 pg_client.cc:59] Using TServer host_port: 0.0.0.0:9100
I1221 18:56:04.226811  1248 client-internal.cc:2355] New master addresses: [127.0.0.1:7100]
I1221 18:56:04.228440  1248 async_initializer.cc:86] Successfully built ybclient
I1221 18:56:04.788358  1244 poller.cc:66] Poll stopped: Service unavailable (yb/rpc/scheduler.cc:80): Scheduler is shutting down (system error 108)
I1221 18:56:05.595432   261 ybccmds.c:753] Creating index rtdl_catalog_db.public.PCS_STATS_IDX
2021-12-21 18:56:06.856 UTC [261] LOG:  committing pg_index tuple with indislive=true
2021-12-21 18:56:06.856 UTC [261] STATEMENT:  CREATE INDEX "PCS_STATS_IDX" ON "PART_COL_STATS" USING btree ("CAT_NAME", "DB_NAME","TABLE_NAME","COLUMN_NAME","PARTITION_NAME")
2021-12-21 18:56:07.894 UTC [261] LOG:  committing pg_index tuple with indisready=true
2021-12-21 18:56:07.894 UTC [261] STATEMENT:  CREATE INDEX "PCS_STATS_IDX" ON "PART_COL_STATS" USING btree ("CAT_NAME", "DB_NAME","TABLE_NAME","COLUMN_NAME","PARTITION_NAME")
I1221 18:56:08.934298  1268 mem_tracker.cc:282] MemTracker: hard memory limit is 1.163766 GB
I1221 18:56:08.934712  1268 mem_tracker.cc:284] MemTracker: soft memory limit is 0.989201 GB
I1221 18:56:08.937594  1268 thread_pool.cc:171] Starting thread pool { name: pggate_ybclient queue_limit: 10000 max_workers: 1024 }
I1221 18:56:08.939090  1268 pggate.cc:161] Reset YSQL bind address to 0.0.0.0:5432
I1221 18:56:08.939205  1268 server_base_options.cc:137] Updating master addrs to {127.0.0.1:7100}
I1221 18:56:08.940172  1268 pggate.cc:101] InitTServerSharedObject: 0, 0, 10
I1221 18:56:08.940366  1268 pg_client.cc:59] Using TServer host_port: 0.0.0.0:9100
I1221 18:56:08.940451  1275 async_initializer.cc:82] Starting to init ybclient
I1221 18:56:08.940737  1275 client-internal.cc:2355] New master addresses: [127.0.0.1:7100]
I1221 18:56:08.945165  1275 async_initializer.cc:86] Successfully built ybclient
I1221 18:56:09.474551  1271 poller.cc:66] Poll stopped: Service unavailable (yb/rpc/scheduler.cc:80): Scheduler is shutting down (system error 108)
I1221 18:56:10.109184   261 ybccmds.c:753] Creating index rtdl_catalog_db.public.ROLE_MAP_N49
2021-12-21 18:56:10.785 UTC [261] LOG:  committing pg_index tuple with indislive=true
2021-12-21 18:56:10.785 UTC [261] STATEMENT:  CREATE INDEX "ROLE_MAP_N49" ON "ROLE_MAP" USING btree ("ROLE_ID")
2021-12-21 18:56:11.807 UTC [261] LOG:  committing pg_index tuple with indisready=true
2021-12-21 18:56:11.807 UTC [261] STATEMENT:  CREATE INDEX "ROLE_MAP_N49" ON "ROLE_MAP" USING btree ("ROLE_ID")
I1221 18:56:12.837175  1291 mem_tracker.cc:282] MemTracker: hard memory limit is 1.163766 GB
I1221 18:56:12.837388  1291 mem_tracker.cc:284] MemTracker: soft memory limit is 0.989201 GB
I1221 18:56:12.840504  1291 thread_pool.cc:171] Starting thread pool { name: pggate_ybclient queue_limit: 10000 max_workers: 1024 }
I1221 18:56:12.842710  1291 pggate.cc:161] Reset YSQL bind address to 0.0.0.0:5432
I1221 18:56:12.842847  1291 server_base_options.cc:137] Updating master addrs to {127.0.0.1:7100}
I1221 18:56:12.844568  1291 pggate.cc:101] InitTServerSharedObject: 0, 0, 10
I1221 18:56:12.845243  1291 pg_client.cc:59] Using TServer host_port: 0.0.0.0:9100
I1221 18:56:12.847064  1298 async_initializer.cc:82] Starting to init ybclient
I1221 18:56:12.847826  1298 client-internal.cc:2355] New master addresses: [127.0.0.1:7100]
I1221 18:56:12.850137  1298 async_initializer.cc:86] Successfully built ybclient
I1221 18:56:13.425324  1294 poller.cc:66] Poll stopped: Service unavailable (yb/rpc/scheduler.cc:80): Scheduler is shutting down (system error 108)
I1221 18:56:14.027660   261 ybccmds.c:753] Creating index rtdl_catalog_db.public.SDS_N49
2021-12-21 18:56:14.425 UTC [261] LOG:  committing pg_index tuple with indislive=true
2021-12-21 18:56:14.425 UTC [261] STATEMENT:  CREATE INDEX "SDS_N49" ON "SDS" USING btree ("SERDE_ID")
2021-12-21 18:56:15.446 UTC [261] LOG:  committing pg_index tuple with indisready=true
2021-12-21 18:56:15.446 UTC [261] STATEMENT:  CREATE INDEX "SDS_N49" ON "SDS" USING btree ("SERDE_ID")
I1221 18:56:16.480160  1328 mem_tracker.cc:282] MemTracker: hard memory limit is 1.163766 GB
I1221 18:56:16.480446  1328 mem_tracker.cc:284] MemTracker: soft memory limit is 0.989201 GB
I1221 18:56:16.483098  1328 thread_pool.cc:171] Starting thread pool { name: pggate_ybclient queue_limit: 10000 max_workers: 1024 }
I1221 18:56:16.485194  1328 pggate.cc:161] Reset YSQL bind address to 0.0.0.0:5432
I1221 18:56:16.485332  1328 server_base_options.cc:137] Updating master addrs to {127.0.0.1:7100}
I1221 18:56:16.486769  1328 pggate.cc:101] InitTServerSharedObject: 0, 0, 10
I1221 18:56:16.487411  1328 pg_client.cc:59] Using TServer host_port: 0.0.0.0:9100
I1221 18:56:16.487515  1335 async_initializer.cc:82] Starting to init ybclient
I1221 18:56:16.489121  1335 client-internal.cc:2355] New master addresses: [127.0.0.1:7100]
I1221 18:56:16.491940  1335 async_initializer.cc:86] Successfully built ybclient
I1221 18:56:17.079135  1331 poller.cc:66] Poll stopped: Service unavailable (yb/rpc/scheduler.cc:80): Scheduler is shutting down (system error 108)
I1221 18:56:17.707435   261 ybccmds.c:753] Creating index rtdl_catalog_db.public.SD_PARAMS_N49
2021-12-21 18:56:18.104 UTC [261] LOG:  committing pg_index tuple with indislive=true
2021-12-21 18:56:18.104 UTC [261] STATEMENT:  CREATE INDEX "SD_PARAMS_N49" ON "SD_PARAMS" USING btree ("SD_ID")
2021-12-21 18:56:19.127 UTC [261] LOG:  committing pg_index tuple with indisready=true
2021-12-21 18:56:19.127 UTC [261] STATEMENT:  CREATE INDEX "SD_PARAMS_N49" ON "SD_PARAMS" USING btree ("SD_ID")
I1221 18:56:20.172281  1350 mem_tracker.cc:282] MemTracker: hard memory limit is 1.163766 GB
I1221 18:56:20.172494  1350 mem_tracker.cc:284] MemTracker: soft memory limit is 0.989201 GB
I1221 18:56:20.176448  1350 thread_pool.cc:171] Starting thread pool { name: pggate_ybclient queue_limit: 10000 max_workers: 1024 }
I1221 18:56:20.178248  1350 pggate.cc:161] Reset YSQL bind address to 0.0.0.0:5432
I1221 18:56:20.178469  1350 server_base_options.cc:137] Updating master addrs to {127.0.0.1:7100}
I1221 18:56:20.179713  1350 pggate.cc:101] InitTServerSharedObject: 0, 0, 10
I1221 18:56:20.179929  1350 pg_client.cc:59] Using TServer host_port: 0.0.0.0:9100
I1221 18:56:20.183358  1357 async_initializer.cc:82] Starting to init ybclient
I1221 18:56:20.184003  1357 client-internal.cc:2355] New master addresses: [127.0.0.1:7100]
I1221 18:56:20.187958  1357 async_initializer.cc:86] Successfully built ybclient
I1221 18:56:21.081095  1353 poller.cc:66] Poll stopped: Service unavailable (yb/rpc/scheduler.cc:80): Scheduler is shutting down (system error 108)
I1221 18:56:21.409013   261 ybccmds.c:753] Creating index rtdl_catalog_db.public.SERDE_PARAMS_N49
2021-12-21 18:56:22.069 UTC [261] LOG:  committing pg_index tuple with indislive=true
2021-12-21 18:56:22.069 UTC [261] STATEMENT:  CREATE INDEX "SERDE_PARAMS_N49" ON "SERDE_PARAMS" USING btree ("SERDE_ID")
2021-12-21 18:56:23.109 UTC [261] LOG:  committing pg_index tuple with indisready=true
2021-12-21 18:56:23.109 UTC [261] STATEMENT:  CREATE INDEX "SERDE_PARAMS_N49" ON "SERDE_PARAMS" USING btree ("SERDE_ID")
I1221 18:56:24.139616  1386 mem_tracker.cc:282] MemTracker: hard memory limit is 1.163766 GB
I1221 18:56:24.139894  1386 mem_tracker.cc:284] MemTracker: soft memory limit is 0.989201 GB
I1221 18:56:24.143918  1386 thread_pool.cc:171] Starting thread pool { name: pggate_ybclient queue_limit: 10000 max_workers: 1024 }
I1221 18:56:24.145685  1386 pggate.cc:161] Reset YSQL bind address to 0.0.0.0:5432
I1221 18:56:24.146104  1386 server_base_options.cc:137] Updating master addrs to {127.0.0.1:7100}
I1221 18:56:24.148829  1386 pggate.cc:101] InitTServerSharedObject: 0, 0, 10
I1221 18:56:24.149783  1386 pg_client.cc:59] Using TServer host_port: 0.0.0.0:9100
I1221 18:56:24.151875  1393 async_initializer.cc:82] Starting to init ybclient
I1221 18:56:24.152482  1393 client-internal.cc:2355] New master addresses: [127.0.0.1:7100]
I1221 18:56:24.154475  1393 async_initializer.cc:86] Successfully built ybclient
I1221 18:56:24.720108  1389 poller.cc:66] Poll stopped: Service unavailable (yb/rpc/scheduler.cc:80): Scheduler is shutting down (system error 108)
I1221 18:56:25.399844   261 ybccmds.c:753] Creating index rtdl_catalog_db.public.SORT_COLS_N49
2021-12-21 18:56:26.042 UTC [261] LOG:  committing pg_index tuple with indislive=true
2021-12-21 18:56:26.042 UTC [261] STATEMENT:  CREATE INDEX "SORT_COLS_N49" ON "SORT_COLS" USING btree ("SD_ID")
2021-12-21 18:56:27.066 UTC [261] LOG:  committing pg_index tuple with indisready=true
2021-12-21 18:56:27.066 UTC [261] STATEMENT:  CREATE INDEX "SORT_COLS_N49" ON "SORT_COLS" USING btree ("SD_ID")
I1221 18:56:28.097311  1410 mem_tracker.cc:282] MemTracker: hard memory limit is 1.163766 GB
I1221 18:56:28.097617  1410 mem_tracker.cc:284] MemTracker: soft memory limit is 0.989201 GB
I1221 18:56:28.102131  1410 thread_pool.cc:171] Starting thread pool { name: pggate_ybclient queue_limit: 10000 max_workers: 1024 }
I1221 18:56:28.105110  1410 pggate.cc:161] Reset YSQL bind address to 0.0.0.0:5432
I1221 18:56:28.105479  1410 server_base_options.cc:137] Updating master addrs to {127.0.0.1:7100}
I1221 18:56:28.108846  1410 pggate.cc:101] InitTServerSharedObject: 0, 0, 10
I1221 18:56:28.109835  1417 async_initializer.cc:82] Starting to init ybclient
I1221 18:56:28.109987  1410 pg_client.cc:59] Using TServer host_port: 0.0.0.0:9100
I1221 18:56:28.110813  1417 client-internal.cc:2355] New master addresses: [127.0.0.1:7100]
I1221 18:56:28.115269  1417 async_initializer.cc:86] Successfully built ybclient
I1221 18:56:28.668807  1413 poller.cc:66] Poll stopped: Service unavailable (yb/rpc/scheduler.cc:80): Scheduler is shutting down (system error 108)
I1221 18:56:28.810374   261 ybccmds.c:753] Creating index rtdl_catalog_db.public.TABLECOLUMNPRIVILEGEINDEX
2021-12-21 18:56:29.231 UTC [261] LOG:  committing pg_index tuple with indislive=true
2021-12-21 18:56:29.231 UTC [261] STATEMENT:  CREATE INDEX "TABLECOLUMNPRIVILEGEINDEX" ON "TBL_COL_PRIVS" USING btree ("AUTHORIZER", "TBL_ID", "COLUMN_NAME", "PRINCIPAL_NAME", "PRINCIPAL_TYPE", "TBL_COL_PRIV", "GRANTOR", "GRANTOR_TYPE")
2021-12-21 18:56:30.250 UTC [261] LOG:  committing pg_index tuple with indisready=true
2021-12-21 18:56:30.250 UTC [261] STATEMENT:  CREATE INDEX "TABLECOLUMNPRIVILEGEINDEX" ON "TBL_COL_PRIVS" USING btree ("AUTHORIZER", "TBL_ID", "COLUMN_NAME", "PRINCIPAL_NAME", "PRINCIPAL_TYPE", "TBL_COL_PRIV", "GRANTOR", "GRANTOR_TYPE")
I1221 18:56:31.283267  1430 mem_tracker.cc:282] MemTracker: hard memory limit is 1.163766 GB
I1221 18:56:31.283597  1430 mem_tracker.cc:284] MemTracker: soft memory limit is 0.989201 GB
I1221 18:56:31.287122  1430 thread_pool.cc:171] Starting thread pool { name: pggate_ybclient queue_limit: 10000 max_workers: 1024 }
I1221 18:56:31.288779  1430 pggate.cc:161] Reset YSQL bind address to 0.0.0.0:5432
I1221 18:56:31.288882  1430 server_base_options.cc:137] Updating master addrs to {127.0.0.1:7100}
I1221 18:56:31.289791  1430 pggate.cc:101] InitTServerSharedObject: 0, 0, 10
I1221 18:56:31.289975  1430 pg_client.cc:59] Using TServer host_port: 0.0.0.0:9100
I1221 18:56:31.290078  1437 async_initializer.cc:82] Starting to init ybclient
I1221 18:56:31.290592  1437 client-internal.cc:2355] New master addresses: [127.0.0.1:7100]
I1221 18:56:31.296165  1437 async_initializer.cc:86] Successfully built ybclient
I1221 18:56:31.906105  1432 poller.cc:66] Poll stopped: Service unavailable (yb/rpc/scheduler.cc:80): Scheduler is shutting down (system error 108)
I1221 18:56:32.565536   261 ybccmds.c:753] Creating index rtdl_catalog_db.public.TABLEPRIVILEGEINDEX
2021-12-21 18:56:32.989 UTC [261] LOG:  committing pg_index tuple with indislive=true
2021-12-21 18:56:32.989 UTC [261] STATEMENT:  CREATE INDEX "TABLEPRIVILEGEINDEX" ON "TBL_PRIVS" USING btree ("AUTHORIZER", "TBL_ID", "PRINCIPAL_NAME", "PRINCIPAL_TYPE", "TBL_PRIV", "GRANTOR", "GRANTOR_TYPE")
2021-12-21 18:56:34.019 UTC [261] LOG:  committing pg_index tuple with indisready=true
2021-12-21 18:56:34.019 UTC [261] STATEMENT:  CREATE INDEX "TABLEPRIVILEGEINDEX" ON "TBL_PRIVS" USING btree ("AUTHORIZER", "TBL_ID", "PRINCIPAL_NAME", "PRINCIPAL_TYPE", "TBL_PRIV", "GRANTOR", "GRANTOR_TYPE")
I1221 18:56:35.049527  1470 mem_tracker.cc:282] MemTracker: hard memory limit is 1.163766 GB
I1221 18:56:35.049718  1470 mem_tracker.cc:284] MemTracker: soft memory limit is 0.989201 GB
I1221 18:56:35.053009  1470 thread_pool.cc:171] Starting thread pool { name: pggate_ybclient queue_limit: 10000 max_workers: 1024 }
I1221 18:56:35.055143  1470 pggate.cc:161] Reset YSQL bind address to 0.0.0.0:5432
I1221 18:56:35.055323  1470 server_base_options.cc:137] Updating master addrs to {127.0.0.1:7100}
I1221 18:56:35.057274  1470 pggate.cc:101] InitTServerSharedObject: 0, 0, 10
I1221 18:56:35.058037  1470 pg_client.cc:59] Using TServer host_port: 0.0.0.0:9100
I1221 18:56:35.059253  1477 async_initializer.cc:82] Starting to init ybclient
I1221 18:56:35.060214  1477 client-internal.cc:2355] New master addresses: [127.0.0.1:7100]
I1221 18:56:35.062151  1477 async_initializer.cc:86] Successfully built ybclient
I1221 18:56:35.696017  1473 poller.cc:66] Poll stopped: Service unavailable (yb/rpc/scheduler.cc:80): Scheduler is shutting down (system error 108)
I1221 18:56:36.296851   261 ybccmds.c:753] Creating index rtdl_catalog_db.public.TABLE_PARAMS_N49
2021-12-21 18:56:37.151 UTC [261] LOG:  committing pg_index tuple with indislive=true
2021-12-21 18:56:37.151 UTC [261] STATEMENT:  CREATE INDEX "TABLE_PARAMS_N49" ON "TABLE_PARAMS" USING btree ("TBL_ID")
2021-12-21 18:56:38.171 UTC [261] LOG:  committing pg_index tuple with indisready=true
2021-12-21 18:56:38.171 UTC [261] STATEMENT:  CREATE INDEX "TABLE_PARAMS_N49" ON "TABLE_PARAMS" USING btree ("TBL_ID")
I1221 18:56:39.183415  1492 mem_tracker.cc:282] MemTracker: hard memory limit is 1.163766 GB
I1221 18:56:39.183588  1492 mem_tracker.cc:284] MemTracker: soft memory limit is 0.989201 GB
I1221 18:56:39.186429  1492 thread_pool.cc:171] Starting thread pool { name: pggate_ybclient queue_limit: 10000 max_workers: 1024 }
I1221 18:56:39.188272  1492 pggate.cc:161] Reset YSQL bind address to 0.0.0.0:5432
I1221 18:56:39.188454  1492 server_base_options.cc:137] Updating master addrs to {127.0.0.1:7100}
I1221 18:56:39.190277  1492 pggate.cc:101] InitTServerSharedObject: 0, 0, 10
I1221 18:56:39.190541  1492 pg_client.cc:59] Using TServer host_port: 0.0.0.0:9100
I1221 18:56:39.192304  1499 async_initializer.cc:82] Starting to init ybclient
I1221 18:56:39.193164  1499 client-internal.cc:2355] New master addresses: [127.0.0.1:7100]
I1221 18:56:39.195040  1499 async_initializer.cc:86] Successfully built ybclient
I1221 18:56:39.733707  1496 poller.cc:66] Poll stopped: Service unavailable (yb/rpc/scheduler.cc:80): Scheduler is shutting down (system error 108)
I1221 18:56:39.863627   261 ybccmds.c:753] Creating index rtdl_catalog_db.public.TBLS_N49
2021-12-21 18:56:40.490 UTC [261] LOG:  committing pg_index tuple with indislive=true
2021-12-21 18:56:40.490 UTC [261] STATEMENT:  CREATE INDEX "TBLS_N49" ON "TBLS" USING btree ("DB_ID")
2021-12-21 18:56:41.512 UTC [261] LOG:  committing pg_index tuple with indisready=true
2021-12-21 18:56:41.512 UTC [261] STATEMENT:  CREATE INDEX "TBLS_N49" ON "TBLS" USING btree ("DB_ID")
I1221 18:56:42.552320  1513 mem_tracker.cc:282] MemTracker: hard memory limit is 1.163766 GB
I1221 18:56:42.552558  1513 mem_tracker.cc:284] MemTracker: soft memory limit is 0.989201 GB
I1221 18:56:42.555688  1513 thread_pool.cc:171] Starting thread pool { name: pggate_ybclient queue_limit: 10000 max_workers: 1024 }
I1221 18:56:42.557574  1513 pggate.cc:161] Reset YSQL bind address to 0.0.0.0:5432
I1221 18:56:42.557696  1513 server_base_options.cc:137] Updating master addrs to {127.0.0.1:7100}
I1221 18:56:42.559064  1513 pggate.cc:101] InitTServerSharedObject: 0, 0, 10
I1221 18:56:42.560021  1520 async_initializer.cc:82] Starting to init ybclient
I1221 18:56:42.560007  1513 pg_client.cc:59] Using TServer host_port: 0.0.0.0:9100
I1221 18:56:42.561736  1520 client-internal.cc:2355] New master addresses: [127.0.0.1:7100]
I1221 18:56:42.567059  1520 async_initializer.cc:86] Successfully built ybclient
I1221 18:56:43.137732  1516 poller.cc:66] Poll stopped: Service unavailable (yb/rpc/scheduler.cc:80): Scheduler is shutting down (system error 108)
I1221 18:56:43.757371   261 ybccmds.c:753] Creating index rtdl_catalog_db.public.TBLS_N50
2021-12-21 18:56:44.373 UTC [261] LOG:  committing pg_index tuple with indislive=true
2021-12-21 18:56:44.373 UTC [261] STATEMENT:  CREATE INDEX "TBLS_N50" ON "TBLS" USING btree ("SD_ID")
2021-12-21 18:56:45.399 UTC [261] LOG:  committing pg_index tuple with indisready=true
2021-12-21 18:56:45.399 UTC [261] STATEMENT:  CREATE INDEX "TBLS_N50" ON "TBLS" USING btree ("SD_ID")
I1221 18:56:46.439949  1552 mem_tracker.cc:282] MemTracker: hard memory limit is 1.163766 GB
I1221 18:56:46.440517  1552 mem_tracker.cc:284] MemTracker: soft memory limit is 0.989201 GB
I1221 18:56:46.444912  1552 thread_pool.cc:171] Starting thread pool { name: pggate_ybclient queue_limit: 10000 max_workers: 1024 }
I1221 18:56:46.447594  1552 pggate.cc:161] Reset YSQL bind address to 0.0.0.0:5432
I1221 18:56:46.448168  1552 server_base_options.cc:137] Updating master addrs to {127.0.0.1:7100}
I1221 18:56:46.450945  1552 pggate.cc:101] InitTServerSharedObject: 0, 0, 10
I1221 18:56:46.451508  1552 pg_client.cc:59] Using TServer host_port: 0.0.0.0:9100
I1221 18:56:46.454185  1559 async_initializer.cc:82] Starting to init ybclient
I1221 18:56:46.454789  1559 client-internal.cc:2355] New master addresses: [127.0.0.1:7100]
I1221 18:56:46.455941  1559 async_initializer.cc:86] Successfully built ybclient
I1221 18:56:47.146450  1555 poller.cc:66] Poll stopped: Service unavailable (yb/rpc/scheduler.cc:80): Scheduler is shutting down (system error 108)
I1221 18:56:47.606299   261 ybccmds.c:753] Creating index rtdl_catalog_db.public.TBL_COL_PRIVS_N49
2021-12-21 18:56:48.221 UTC [261] LOG:  committing pg_index tuple with indislive=true
2021-12-21 18:56:48.221 UTC [261] STATEMENT:  CREATE INDEX "TBL_COL_PRIVS_N49" ON "TBL_COL_PRIVS" USING btree ("TBL_ID")
2021-12-21 18:56:49.240 UTC [261] LOG:  committing pg_index tuple with indisready=true
2021-12-21 18:56:49.240 UTC [261] STATEMENT:  CREATE INDEX "TBL_COL_PRIVS_N49" ON "TBL_COL_PRIVS" USING btree ("TBL_ID")
I1221 18:56:50.270237  1572 mem_tracker.cc:282] MemTracker: hard memory limit is 1.163766 GB
I1221 18:56:50.270375  1572 mem_tracker.cc:284] MemTracker: soft memory limit is 0.989201 GB
I1221 18:56:50.272666  1572 thread_pool.cc:171] Starting thread pool { name: pggate_ybclient queue_limit: 10000 max_workers: 1024 }
I1221 18:56:50.274443  1572 pggate.cc:161] Reset YSQL bind address to 0.0.0.0:5432
I1221 18:56:50.274595  1572 server_base_options.cc:137] Updating master addrs to {127.0.0.1:7100}
I1221 18:56:50.276576  1572 pggate.cc:101] InitTServerSharedObject: 0, 0, 10
I1221 18:56:50.276798  1572 pg_client.cc:59] Using TServer host_port: 0.0.0.0:9100
I1221 18:56:50.278581  1579 async_initializer.cc:82] Starting to init ybclient
I1221 18:56:50.278883  1579 client-internal.cc:2355] New master addresses: [127.0.0.1:7100]
I1221 18:56:50.280442  1579 async_initializer.cc:86] Successfully built ybclient
I1221 18:56:50.824220  1574 poller.cc:66] Poll stopped: Service unavailable (yb/rpc/scheduler.cc:80): Scheduler is shutting down (system error 108)
I1221 18:56:51.498739   261 ybccmds.c:753] Creating index rtdl_catalog_db.public.TAB_COL_STATS_IDX
2021-12-21 18:56:52.681 UTC [261] LOG:  committing pg_index tuple with indislive=true
2021-12-21 18:56:52.681 UTC [261] STATEMENT:  CREATE INDEX "TAB_COL_STATS_IDX" ON "TAB_COL_STATS" USING btree ("CAT_NAME", "DB_NAME","TABLE_NAME","COLUMN_NAME")
2021-12-21 18:56:53.702 UTC [261] LOG:  committing pg_index tuple with indisready=true
2021-12-21 18:56:53.702 UTC [261] STATEMENT:  CREATE INDEX "TAB_COL_STATS_IDX" ON "TAB_COL_STATS" USING btree ("CAT_NAME", "DB_NAME","TABLE_NAME","COLUMN_NAME")
I1221 18:56:54.736511  1613 mem_tracker.cc:282] MemTracker: hard memory limit is 1.163766 GB
I1221 18:56:54.736820  1613 mem_tracker.cc:284] MemTracker: soft memory limit is 0.989201 GB
I1221 18:56:54.740237  1613 thread_pool.cc:171] Starting thread pool { name: pggate_ybclient queue_limit: 10000 max_workers: 1024 }
I1221 18:56:54.742698  1613 pggate.cc:161] Reset YSQL bind address to 0.0.0.0:5432
I1221 18:56:54.743204  1613 server_base_options.cc:137] Updating master addrs to {127.0.0.1:7100}
I1221 18:56:54.745688  1613 pggate.cc:101] InitTServerSharedObject: 0, 0, 10
I1221 18:56:54.746543  1613 pg_client.cc:59] Using TServer host_port: 0.0.0.0:9100
I1221 18:56:54.746536  1620 async_initializer.cc:82] Starting to init ybclient
I1221 18:56:54.747169  1620 client-internal.cc:2355] New master addresses: [127.0.0.1:7100]
I1221 18:56:54.750903  1620 async_initializer.cc:86] Successfully built ybclient
I1221 18:56:55.304847  1615 poller.cc:66] Poll stopped: Service unavailable (yb/rpc/scheduler.cc:80): Scheduler is shutting down (system error 108)
I1221 18:56:55.939847   261 ybccmds.c:753] Creating index rtdl_catalog_db.public.TBL_PRIVS_N49
2021-12-21 18:56:56.613 UTC [261] LOG:  committing pg_index tuple with indislive=true
2021-12-21 18:56:56.613 UTC [261] STATEMENT:  CREATE INDEX "TBL_PRIVS_N49" ON "TBL_PRIVS" USING btree ("TBL_ID")
2021-12-21 18:56:57.643 UTC [261] LOG:  committing pg_index tuple with indisready=true
2021-12-21 18:56:57.643 UTC [261] STATEMENT:  CREATE INDEX "TBL_PRIVS_N49" ON "TBL_PRIVS" USING btree ("TBL_ID")
I1221 18:56:58.670662  1636 mem_tracker.cc:282] MemTracker: hard memory limit is 1.163766 GB
I1221 18:56:58.670861  1636 mem_tracker.cc:284] MemTracker: soft memory limit is 0.989201 GB
I1221 18:56:58.674655  1636 thread_pool.cc:171] Starting thread pool { name: pggate_ybclient queue_limit: 10000 max_workers: 1024 }
I1221 18:56:58.679585  1636 pggate.cc:161] Reset YSQL bind address to 0.0.0.0:5432
I1221 18:56:58.679872  1636 server_base_options.cc:137] Updating master addrs to {127.0.0.1:7100}
I1221 18:56:58.682113  1636 pggate.cc:101] InitTServerSharedObject: 0, 0, 10
I1221 18:56:58.682624  1636 pg_client.cc:59] Using TServer host_port: 0.0.0.0:9100
I1221 18:56:58.684247  1643 async_initializer.cc:82] Starting to init ybclient
I1221 18:56:58.684540  1643 client-internal.cc:2355] New master addresses: [127.0.0.1:7100]
I1221 18:56:58.686728  1643 async_initializer.cc:86] Successfully built ybclient
I1221 18:56:59.255542  1639 poller.cc:66] Poll stopped: Service unavailable (yb/rpc/scheduler.cc:80): Scheduler is shutting down (system error 108)
I1221 18:56:59.382720   261 ybccmds.c:753] Creating index rtdl_catalog_db.public.TYPE_FIELDS_N49
2021-12-21 18:56:59.776 UTC [261] LOG:  committing pg_index tuple with indislive=true
2021-12-21 18:56:59.776 UTC [261] STATEMENT:  CREATE INDEX "TYPE_FIELDS_N49" ON "TYPE_FIELDS" USING btree ("TYPE_NAME")
2021-12-21 18:57:00.799 UTC [261] LOG:  committing pg_index tuple with indisready=true
2021-12-21 18:57:00.799 UTC [261] STATEMENT:  CREATE INDEX "TYPE_FIELDS_N49" ON "TYPE_FIELDS" USING btree ("TYPE_NAME")
I1221 18:57:01.830662  1656 mem_tracker.cc:282] MemTracker: hard memory limit is 1.163766 GB
I1221 18:57:01.830999  1656 mem_tracker.cc:284] MemTracker: soft memory limit is 0.989201 GB
I1221 18:57:01.834959  1656 thread_pool.cc:171] Starting thread pool { name: pggate_ybclient queue_limit: 10000 max_workers: 1024 }
I1221 18:57:01.838691  1656 pggate.cc:161] Reset YSQL bind address to 0.0.0.0:5432
I1221 18:57:01.839452  1656 server_base_options.cc:137] Updating master addrs to {127.0.0.1:7100}
I1221 18:57:01.842074  1656 pggate.cc:101] InitTServerSharedObject: 0, 0, 10
I1221 18:57:01.842566  1656 pg_client.cc:59] Using TServer host_port: 0.0.0.0:9100
I1221 18:57:01.845288  1663 async_initializer.cc:82] Starting to init ybclient
I1221 18:57:01.845670  1663 client-internal.cc:2355] New master addresses: [127.0.0.1:7100]
I1221 18:57:01.846452  1663 async_initializer.cc:86] Successfully built ybclient
I1221 18:57:02.613471  1659 poller.cc:66] Poll stopped: Service unavailable (yb/rpc/scheduler.cc:80): Scheduler is shutting down (system error 108)
I1221 18:57:03.067713   261 ybccmds.c:753] Creating index rtdl_catalog_db.public.TAB_COL_STATS_N49
2021-12-21 18:57:03.476 UTC [261] LOG:  committing pg_index tuple with indislive=true
2021-12-21 18:57:03.476 UTC [261] STATEMENT:  CREATE INDEX "TAB_COL_STATS_N49" ON "TAB_COL_STATS" USING btree ("TBL_ID")
2021-12-21 18:57:04.497 UTC [261] LOG:  committing pg_index tuple with indisready=true
2021-12-21 18:57:04.497 UTC [261] STATEMENT:  CREATE INDEX "TAB_COL_STATS_N49" ON "TAB_COL_STATS" USING btree ("TBL_ID")
I1221 18:57:05.528741  1694 mem_tracker.cc:282] MemTracker: hard memory limit is 1.163766 GB
I1221 18:57:05.529034  1694 mem_tracker.cc:284] MemTracker: soft memory limit is 0.989201 GB
I1221 18:57:05.531733  1694 thread_pool.cc:171] Starting thread pool { name: pggate_ybclient queue_limit: 10000 max_workers: 1024 }
I1221 18:57:05.533680  1694 pggate.cc:161] Reset YSQL bind address to 0.0.0.0:5432
I1221 18:57:05.533798  1694 server_base_options.cc:137] Updating master addrs to {127.0.0.1:7100}
I1221 18:57:05.534787  1694 pggate.cc:101] InitTServerSharedObject: 0, 0, 10
I1221 18:57:05.534953  1694 pg_client.cc:59] Using TServer host_port: 0.0.0.0:9100
I1221 18:57:05.535084  1701 async_initializer.cc:82] Starting to init ybclient
I1221 18:57:05.535527  1701 client-internal.cc:2355] New master addresses: [127.0.0.1:7100]
I1221 18:57:05.538122  1701 async_initializer.cc:86] Successfully built ybclient
I1221 18:57:06.090287  1697 poller.cc:66] Poll stopped: Service unavailable (yb/rpc/scheduler.cc:80): Scheduler is shutting down (system error 108)
I1221 18:57:06.802006   261 ybccmds.c:753] Creating index rtdl_catalog_db.public.PART_COL_STATS_N49
2021-12-21 18:57:07.668 UTC [261] LOG:  committing pg_index tuple with indislive=true
2021-12-21 18:57:07.668 UTC [261] STATEMENT:  CREATE INDEX "PART_COL_STATS_N49" ON "PART_COL_STATS" USING btree ("PART_ID")
2021-12-21 18:57:08.707 UTC [261] LOG:  committing pg_index tuple with indisready=true
2021-12-21 18:57:08.707 UTC [261] STATEMENT:  CREATE INDEX "PART_COL_STATS_N49" ON "PART_COL_STATS" USING btree ("PART_ID")
I1221 18:57:09.720588  1719 mem_tracker.cc:282] MemTracker: hard memory limit is 1.163766 GB
I1221 18:57:09.720968  1719 mem_tracker.cc:284] MemTracker: soft memory limit is 0.989201 GB
I1221 18:57:09.723670  1719 thread_pool.cc:171] Starting thread pool { name: pggate_ybclient queue_limit: 10000 max_workers: 1024 }
I1221 18:57:09.725431  1719 pggate.cc:161] Reset YSQL bind address to 0.0.0.0:5432
I1221 18:57:09.725540  1719 server_base_options.cc:137] Updating master addrs to {127.0.0.1:7100}
I1221 18:57:09.726505  1719 pggate.cc:101] InitTServerSharedObject: 0, 0, 10
I1221 18:57:09.726689  1719 pg_client.cc:59] Using TServer host_port: 0.0.0.0:9100
I1221 18:57:09.726819  1726 async_initializer.cc:82] Starting to init ybclient
I1221 18:57:09.727325  1726 client-internal.cc:2355] New master addresses: [127.0.0.1:7100]
I1221 18:57:09.729214  1726 async_initializer.cc:86] Successfully built ybclient
I1221 18:57:10.282284  1723 poller.cc:66] Poll stopped: Service unavailable (yb/rpc/scheduler.cc:80): Scheduler is shutting down (system error 108)
I1221 18:57:10.394733   261 ybccmds.c:753] Creating index rtdl_catalog_db.public.UNIQUEFUNCTION
2021-12-21 18:57:11.071 UTC [261] LOG:  committing pg_index tuple with indislive=true
2021-12-21 18:57:11.071 UTC [261] STATEMENT:  CREATE UNIQUE INDEX "UNIQUEFUNCTION" ON "FUNCS" ("FUNC_NAME", "DB_ID")
2021-12-21 18:57:12.101 UTC [261] LOG:  committing pg_index tuple with indisready=true
2021-12-21 18:57:12.101 UTC [261] STATEMENT:  CREATE UNIQUE INDEX "UNIQUEFUNCTION" ON "FUNCS" ("FUNC_NAME", "DB_ID")
I1221 18:57:13.143836  1741 mem_tracker.cc:282] MemTracker: hard memory limit is 1.163766 GB
I1221 18:57:13.144043  1741 mem_tracker.cc:284] MemTracker: soft memory limit is 0.989201 GB
I1221 18:57:13.147516  1741 thread_pool.cc:171] Starting thread pool { name: pggate_ybclient queue_limit: 10000 max_workers: 1024 }
I1221 18:57:13.149119  1741 pggate.cc:161] Reset YSQL bind address to 0.0.0.0:5432
I1221 18:57:13.149227  1741 server_base_options.cc:137] Updating master addrs to {127.0.0.1:7100}
I1221 18:57:13.151085  1741 pggate.cc:101] InitTServerSharedObject: 0, 0, 10
I1221 18:57:13.151342  1741 pg_client.cc:59] Using TServer host_port: 0.0.0.0:9100
I1221 18:57:13.151544  1748 async_initializer.cc:82] Starting to init ybclient
I1221 18:57:13.152151  1748 client-internal.cc:2355] New master addresses: [127.0.0.1:7100]
I1221 18:57:13.157128  1748 async_initializer.cc:86] Successfully built ybclient
I1221 18:57:13.727084  1744 poller.cc:66] Poll stopped: Service unavailable (yb/rpc/scheduler.cc:80): Scheduler is shutting down (system error 108)
I1221 18:57:14.329581   261 ybccmds.c:753] Creating index rtdl_catalog_db.public.FUNCS_N49
2021-12-21 18:57:14.736 UTC [261] LOG:  committing pg_index tuple with indislive=true
2021-12-21 18:57:14.736 UTC [261] STATEMENT:  CREATE INDEX "FUNCS_N49" ON "FUNCS" ("DB_ID")
2021-12-21 18:57:15.757 UTC [261] LOG:  committing pg_index tuple with indisready=true
2021-12-21 18:57:15.757 UTC [261] STATEMENT:  CREATE INDEX "FUNCS_N49" ON "FUNCS" ("DB_ID")
I1221 18:57:16.808266  1779 mem_tracker.cc:282] MemTracker: hard memory limit is 1.163766 GB
I1221 18:57:16.808864  1779 mem_tracker.cc:284] MemTracker: soft memory limit is 0.989201 GB
I1221 18:57:16.813432  1779 thread_pool.cc:171] Starting thread pool { name: pggate_ybclient queue_limit: 10000 max_workers: 1024 }
I1221 18:57:16.816418  1779 pggate.cc:161] Reset YSQL bind address to 0.0.0.0:5432
I1221 18:57:16.816969  1779 server_base_options.cc:137] Updating master addrs to {127.0.0.1:7100}
I1221 18:57:16.819144  1779 pggate.cc:101] InitTServerSharedObject: 0, 0, 10
I1221 18:57:16.819823  1779 pg_client.cc:59] Using TServer host_port: 0.0.0.0:9100
I1221 18:57:16.821370  1786 async_initializer.cc:82] Starting to init ybclient
I1221 18:57:16.821648  1786 client-internal.cc:2355] New master addresses: [127.0.0.1:7100]
I1221 18:57:16.827435  1786 async_initializer.cc:86] Successfully built ybclient
I1221 18:57:17.747035  1782 poller.cc:66] Poll stopped: Service unavailable (yb/rpc/scheduler.cc:80): Scheduler is shutting down (system error 108)
I1221 18:57:18.061520   261 ybccmds.c:753] Creating index rtdl_catalog_db.public.FUNC_RU_N49
2021-12-21 18:57:18.754 UTC [261] LOG:  committing pg_index tuple with indislive=true
2021-12-21 18:57:18.754 UTC [261] STATEMENT:  CREATE INDEX "FUNC_RU_N49" ON "FUNC_RU" ("FUNC_ID")
2021-12-21 18:57:19.786 UTC [261] LOG:  committing pg_index tuple with indisready=true
2021-12-21 18:57:19.786 UTC [261] STATEMENT:  CREATE INDEX "FUNC_RU_N49" ON "FUNC_RU" ("FUNC_ID")
I1221 18:57:20.818020  1799 mem_tracker.cc:282] MemTracker: hard memory limit is 1.163766 GB
I1221 18:57:20.818282  1799 mem_tracker.cc:284] MemTracker: soft memory limit is 0.989201 GB
I1221 18:57:20.821229  1799 thread_pool.cc:171] Starting thread pool { name: pggate_ybclient queue_limit: 10000 max_workers: 1024 }
I1221 18:57:20.823295  1799 pggate.cc:161] Reset YSQL bind address to 0.0.0.0:5432
I1221 18:57:20.823561  1799 server_base_options.cc:137] Updating master addrs to {127.0.0.1:7100}
I1221 18:57:20.825704  1799 pggate.cc:101] InitTServerSharedObject: 0, 0, 10
I1221 18:57:20.826297  1799 pg_client.cc:59] Using TServer host_port: 0.0.0.0:9100
I1221 18:57:20.826754  1806 async_initializer.cc:82] Starting to init ybclient
I1221 18:57:20.827399  1806 client-internal.cc:2355] New master addresses: [127.0.0.1:7100]
I1221 18:57:20.831267  1806 async_initializer.cc:86] Successfully built ybclient
I1221 18:57:21.372803  1802 poller.cc:66] Poll stopped: Service unavailable (yb/rpc/scheduler.cc:80): Scheduler is shutting down (system error 108)
I1221 18:57:22.018579   261 ybccmds.c:753] Creating index rtdl_catalog_db.public.CONSTRAINTS_PARENT_TBLID_INDEX
2021-12-21 18:57:22.677 UTC [261] LOG:  committing pg_index tuple with indislive=true
2021-12-21 18:57:22.677 UTC [261] STATEMENT:  CREATE INDEX "CONSTRAINTS_PARENT_TBLID_INDEX" ON "KEY_CONSTRAINTS" USING BTREE ("PARENT_TBL_ID")
2021-12-21 18:57:23.696 UTC [261] LOG:  committing pg_index tuple with indisready=true
2021-12-21 18:57:23.696 UTC [261] STATEMENT:  CREATE INDEX "CONSTRAINTS_PARENT_TBLID_INDEX" ON "KEY_CONSTRAINTS" USING BTREE ("PARENT_TBL_ID")
I1221 18:57:24.728188  1823 mem_tracker.cc:282] MemTracker: hard memory limit is 1.163766 GB
I1221 18:57:24.728392  1823 mem_tracker.cc:284] MemTracker: soft memory limit is 0.989201 GB
I1221 18:57:24.732384  1823 thread_pool.cc:171] Starting thread pool { name: pggate_ybclient queue_limit: 10000 max_workers: 1024 }
I1221 18:57:24.734259  1823 pggate.cc:161] Reset YSQL bind address to 0.0.0.0:5432
I1221 18:57:24.734392  1823 server_base_options.cc:137] Updating master addrs to {127.0.0.1:7100}
I1221 18:57:24.735677  1823 pggate.cc:101] InitTServerSharedObject: 0, 0, 10
I1221 18:57:24.735937  1823 pg_client.cc:59] Using TServer host_port: 0.0.0.0:9100
I1221 18:57:24.739192  1830 async_initializer.cc:82] Starting to init ybclient
I1221 18:57:24.740286  1830 client-internal.cc:2355] New master addresses: [127.0.0.1:7100]
I1221 18:57:24.741679  1830 async_initializer.cc:86] Successfully built ybclient
I1221 18:57:25.349009  1827 poller.cc:66] Poll stopped: Service unavailable (yb/rpc/scheduler.cc:80): Scheduler is shutting down (system error 108)
I1221 18:57:25.978714   261 ybccmds.c:753] Creating index rtdl_catalog_db.public.CONSTRAINTS_CONSTRAINT_TYPE_INDEX
2021-12-21 18:57:26.396 UTC [261] LOG:  committing pg_index tuple with indislive=true
2021-12-21 18:57:26.396 UTC [261] STATEMENT:  CREATE INDEX "CONSTRAINTS_CONSTRAINT_TYPE_INDEX" ON "KEY_CONSTRAINTS" USING BTREE ("CONSTRAINT_TYPE")
2021-12-21 18:57:27.416 UTC [261] LOG:  committing pg_index tuple with indisready=true
2021-12-21 18:57:27.416 UTC [261] STATEMENT:  CREATE INDEX "CONSTRAINTS_CONSTRAINT_TYPE_INDEX" ON "KEY_CONSTRAINTS" USING BTREE ("CONSTRAINT_TYPE")
I1221 18:57:28.444080  1859 mem_tracker.cc:282] MemTracker: hard memory limit is 1.163766 GB
I1221 18:57:28.444257  1859 mem_tracker.cc:284] MemTracker: soft memory limit is 0.989201 GB
I1221 18:57:28.446895  1859 thread_pool.cc:171] Starting thread pool { name: pggate_ybclient queue_limit: 10000 max_workers: 1024 }
I1221 18:57:28.448619  1859 pggate.cc:161] Reset YSQL bind address to 0.0.0.0:5432
I1221 18:57:28.449050  1859 server_base_options.cc:137] Updating master addrs to {127.0.0.1:7100}
I1221 18:57:28.451397  1859 pggate.cc:101] InitTServerSharedObject: 0, 0, 10
I1221 18:57:28.452030  1859 pg_client.cc:59] Using TServer host_port: 0.0.0.0:9100
I1221 18:57:28.451984  1866 async_initializer.cc:82] Starting to init ybclient
I1221 18:57:28.453488  1866 client-internal.cc:2355] New master addresses: [127.0.0.1:7100]
I1221 18:57:28.457762  1866 async_initializer.cc:86] Successfully built ybclient
I1221 18:57:29.045408  1863 poller.cc:66] Poll stopped: Service unavailable (yb/rpc/scheduler.cc:80): Scheduler is shutting down (system error 108)
I1221 18:57:35.788386   261 ybccmds.c:473] Creating Table rtdl_catalog_db.public.VERSION
I1221 18:57:38.056356   261 ybccmds.c:473] Creating Table rtdl_catalog_db.public.MV_CREATION_METADATA
I1221 18:57:38.891921   261 ybccmds.c:753] Creating index rtdl_catalog_db.public.MV_UNIQUE_TABLE
2021-12-21 18:57:39.287 UTC [261] LOG:  committing pg_index tuple with indislive=true
2021-12-21 18:57:39.287 UTC [261] STATEMENT:  CREATE INDEX "MV_UNIQUE_TABLE" 
	ON "MV_CREATION_METADATA" USING btree ("TBL_NAME", "DB_NAME")
2021-12-21 18:57:40.302 UTC [261] LOG:  committing pg_index tuple with indisready=true
2021-12-21 18:57:40.302 UTC [261] STATEMENT:  CREATE INDEX "MV_UNIQUE_TABLE" 
	ON "MV_CREATION_METADATA" USING btree ("TBL_NAME", "DB_NAME")
I1221 18:57:41.360826  1907 mem_tracker.cc:282] MemTracker: hard memory limit is 1.163766 GB
I1221 18:57:41.361063  1907 mem_tracker.cc:284] MemTracker: soft memory limit is 0.989201 GB
I1221 18:57:41.365936  1907 thread_pool.cc:171] Starting thread pool { name: pggate_ybclient queue_limit: 10000 max_workers: 1024 }
I1221 18:57:41.368377  1907 pggate.cc:161] Reset YSQL bind address to 0.0.0.0:5432
I1221 18:57:41.369480  1907 server_base_options.cc:137] Updating master addrs to {127.0.0.1:7100}
I1221 18:57:41.372110  1907 pggate.cc:101] InitTServerSharedObject: 0, 0, 10
I1221 18:57:41.372913  1907 pg_client.cc:59] Using TServer host_port: 0.0.0.0:9100
I1221 18:57:41.375463  1914 async_initializer.cc:82] Starting to init ybclient
I1221 18:57:41.376399  1914 client-internal.cc:2355] New master addresses: [127.0.0.1:7100]
I1221 18:57:41.380319  1914 async_initializer.cc:86] Successfully built ybclient
I1221 18:57:42.023365  1910 poller.cc:66] Poll stopped: Service unavailable (yb/rpc/scheduler.cc:80): Scheduler is shutting down (system error 108)
2021-12-21 18:57:42.795 UTC [261] WARNING:  no privileges could be revoked for "public"
2021-12-21 18:57:42.832 UTC [261] WARNING:  no privileges were granted for "public"
I1221 18:57:42.918895   261 ybccmds.c:473] Creating Table rtdl_catalog_db.public.txns
I1221 18:57:43.415572   261 ybccmds.c:473] Creating Table rtdl_catalog_db.public.txn_components
I1221 18:57:43.948110   261 ybccmds.c:753] Creating index rtdl_catalog_db.public.tc_txnid_index
2021-12-21 18:57:44.360 UTC [261] LOG:  committing pg_index tuple with indislive=true
2021-12-21 18:57:44.360 UTC [261] STATEMENT:  CREATE INDEX TC_TXNID_INDEX ON TXN_COMPONENTS USING hash (TC_TXNID)
2021-12-21 18:57:45.380 UTC [261] LOG:  committing pg_index tuple with indisready=true
2021-12-21 18:57:45.380 UTC [261] STATEMENT:  CREATE INDEX TC_TXNID_INDEX ON TXN_COMPONENTS USING hash (TC_TXNID)
I1221 18:57:46.417949  1942 mem_tracker.cc:282] MemTracker: hard memory limit is 1.163766 GB
I1221 18:57:46.418164  1942 mem_tracker.cc:284] MemTracker: soft memory limit is 0.989201 GB
I1221 18:57:46.479743  1942 thread_pool.cc:171] Starting thread pool { name: pggate_ybclient queue_limit: 10000 max_workers: 1024 }
I1221 18:57:46.507154  1942 pggate.cc:161] Reset YSQL bind address to 0.0.0.0:5432
I1221 18:57:46.507295  1942 server_base_options.cc:137] Updating master addrs to {127.0.0.1:7100}
I1221 18:57:46.509424  1942 pggate.cc:101] InitTServerSharedObject: 0, 0, 10
I1221 18:57:46.509622  1942 pg_client.cc:59] Using TServer host_port: 0.0.0.0:9100
I1221 18:57:46.514034  1949 async_initializer.cc:82] Starting to init ybclient
I1221 18:57:46.514349  1949 client-internal.cc:2355] New master addresses: [127.0.0.1:7100]
I1221 18:57:46.516083  1949 async_initializer.cc:86] Successfully built ybclient
I1221 18:57:47.213553  1944 poller.cc:66] Poll stopped: Service unavailable (yb/rpc/scheduler.cc:80): Scheduler is shutting down (system error 108)
I1221 18:57:47.772347   261 ybccmds.c:473] Creating Table rtdl_catalog_db.public.completed_txn_components
I1221 18:57:48.217368   261 ybccmds.c:753] Creating index rtdl_catalog_db.public.completed_txn_components_index
2021-12-21 18:57:48.899 UTC [261] LOG:  committing pg_index tuple with indislive=true
2021-12-21 18:57:48.899 UTC [261] STATEMENT:  CREATE INDEX COMPLETED_TXN_COMPONENTS_INDEX ON COMPLETED_TXN_COMPONENTS USING btree (CTC_DATABASE, CTC_TABLE, CTC_PARTITION)
2021-12-21 18:57:49.918 UTC [261] LOG:  committing pg_index tuple with indisready=true
2021-12-21 18:57:49.918 UTC [261] STATEMENT:  CREATE INDEX COMPLETED_TXN_COMPONENTS_INDEX ON COMPLETED_TXN_COMPONENTS USING btree (CTC_DATABASE, CTC_TABLE, CTC_PARTITION)
I1221 18:57:50.970324  1974 mem_tracker.cc:282] MemTracker: hard memory limit is 1.163766 GB
I1221 18:57:50.971940  1974 mem_tracker.cc:284] MemTracker: soft memory limit is 0.989201 GB
I1221 18:57:50.977030  1974 thread_pool.cc:171] Starting thread pool { name: pggate_ybclient queue_limit: 10000 max_workers: 1024 }
I1221 18:57:50.979590  1974 pggate.cc:161] Reset YSQL bind address to 0.0.0.0:5432
I1221 18:57:50.980162  1974 server_base_options.cc:137] Updating master addrs to {127.0.0.1:7100}
I1221 18:57:50.981767  1974 pggate.cc:101] InitTServerSharedObject: 0, 0, 10
I1221 18:57:50.982100  1974 pg_client.cc:59] Using TServer host_port: 0.0.0.0:9100
I1221 18:57:50.982302  1981 async_initializer.cc:82] Starting to init ybclient
I1221 18:57:50.982836  1981 client-internal.cc:2355] New master addresses: [127.0.0.1:7100]
I1221 18:57:50.988090  1981 async_initializer.cc:86] Successfully built ybclient
I1221 18:57:51.909706  1977 poller.cc:66] Poll stopped: Service unavailable (yb/rpc/scheduler.cc:80): Scheduler is shutting down (system error 108)
I1221 18:57:52.210937   261 ybccmds.c:473] Creating Table rtdl_catalog_db.public.next_txn_id
I1221 18:57:52.697943   261 ybccmds.c:473] Creating Table rtdl_catalog_db.public.hive_locks
I1221 18:57:53.224434   261 ybccmds.c:753] Creating index rtdl_catalog_db.public.hl_txnid_index
2021-12-21 18:57:53.651 UTC [261] LOG:  committing pg_index tuple with indislive=true
2021-12-21 18:57:53.651 UTC [261] STATEMENT:  CREATE INDEX HL_TXNID_INDEX ON HIVE_LOCKS USING hash (HL_TXNID)
2021-12-21 18:57:54.689 UTC [261] LOG:  committing pg_index tuple with indisready=true
2021-12-21 18:57:54.689 UTC [261] STATEMENT:  CREATE INDEX HL_TXNID_INDEX ON HIVE_LOCKS USING hash (HL_TXNID)
I1221 18:57:55.767928  1998 mem_tracker.cc:282] MemTracker: hard memory limit is 1.163766 GB
I1221 18:57:55.768445  1998 mem_tracker.cc:284] MemTracker: soft memory limit is 0.989201 GB
I1221 18:57:55.773414  1998 thread_pool.cc:171] Starting thread pool { name: pggate_ybclient queue_limit: 10000 max_workers: 1024 }
I1221 18:57:55.777256  1998 pggate.cc:161] Reset YSQL bind address to 0.0.0.0:5432
I1221 18:57:55.777603  1998 server_base_options.cc:137] Updating master addrs to {127.0.0.1:7100}
I1221 18:57:55.781150  1998 pggate.cc:101] InitTServerSharedObject: 0, 0, 10
I1221 18:57:55.782819  1998 pg_client.cc:59] Using TServer host_port: 0.0.0.0:9100
I1221 18:57:55.782866  2005 async_initializer.cc:82] Starting to init ybclient
I1221 18:57:55.783847  2005 client-internal.cc:2355] New master addresses: [127.0.0.1:7100]
I1221 18:57:55.794693  2005 async_initializer.cc:86] Successfully built ybclient
I1221 18:57:57.281615  2002 poller.cc:66] Poll stopped: Service unavailable (yb/rpc/scheduler.cc:80): Scheduler is shutting down (system error 108)
I1221 18:57:58.077307   261 ybccmds.c:473] Creating Table rtdl_catalog_db.public.next_lock_id
I1221 18:57:58.885011   261 ybccmds.c:473] Creating Table rtdl_catalog_db.public.compaction_queue
I1221 18:57:59.722290   261 ybccmds.c:473] Creating Table rtdl_catalog_db.public.next_compaction_queue_id
I1221 18:58:00.617241   261 ybccmds.c:473] Creating Table rtdl_catalog_db.public.completed_compactions
I1221 18:58:01.375442   261 ybccmds.c:473] Creating Table rtdl_catalog_db.public.aux_table
I1221 18:58:01.914804   261 ybccmds.c:473] Creating Table rtdl_catalog_db.public.write_set
I1221 18:58:02.371547   261 ybccmds.c:473] Creating Table rtdl_catalog_db.public.txn_to_write_id
I1221 18:58:02.816471   261 ybccmds.c:753] Creating index rtdl_catalog_db.public.tbl_to_txn_id_idx
2021-12-21 18:58:03.430 UTC [261] LOG:  committing pg_index tuple with indislive=true
2021-12-21 18:58:03.430 UTC [261] STATEMENT:  CREATE UNIQUE INDEX TBL_TO_TXN_ID_IDX ON TXN_TO_WRITE_ID (T2W_DATABASE, T2W_TABLE, T2W_TXNID)
2021-12-21 18:58:04.453 UTC [261] LOG:  committing pg_index tuple with indisready=true
2021-12-21 18:58:04.453 UTC [261] STATEMENT:  CREATE UNIQUE INDEX TBL_TO_TXN_ID_IDX ON TXN_TO_WRITE_ID (T2W_DATABASE, T2W_TABLE, T2W_TXNID)
I1221 18:58:05.483047  2048 mem_tracker.cc:282] MemTracker: hard memory limit is 1.163766 GB
I1221 18:58:05.483525  2048 mem_tracker.cc:284] MemTracker: soft memory limit is 0.989201 GB
I1221 18:58:05.487221  2048 thread_pool.cc:171] Starting thread pool { name: pggate_ybclient queue_limit: 10000 max_workers: 1024 }
I1221 18:58:05.489318  2048 pggate.cc:161] Reset YSQL bind address to 0.0.0.0:5432
I1221 18:58:05.489831  2048 server_base_options.cc:137] Updating master addrs to {127.0.0.1:7100}
I1221 18:58:05.491667  2048 pggate.cc:101] InitTServerSharedObject: 0, 0, 10
I1221 18:58:05.492110  2048 pg_client.cc:59] Using TServer host_port: 0.0.0.0:9100
I1221 18:58:05.492486  2055 async_initializer.cc:82] Starting to init ybclient
I1221 18:58:05.495569  2055 client-internal.cc:2355] New master addresses: [127.0.0.1:7100]
I1221 18:58:05.499157  2055 async_initializer.cc:86] Successfully built ybclient
I1221 18:58:06.097529  2051 poller.cc:66] Poll stopped: Service unavailable (yb/rpc/scheduler.cc:80): Scheduler is shutting down (system error 108)
I1221 18:58:06.682097   261 ybccmds.c:753] Creating index rtdl_catalog_db.public.tbl_to_write_id_idx
2021-12-21 18:58:07.358 UTC [261] LOG:  committing pg_index tuple with indislive=true
2021-12-21 18:58:07.358 UTC [261] STATEMENT:  CREATE UNIQUE INDEX TBL_TO_WRITE_ID_IDX ON TXN_TO_WRITE_ID (T2W_DATABASE, T2W_TABLE, T2W_WRITEID)
2021-12-21 18:58:08.379 UTC [261] LOG:  committing pg_index tuple with indisready=true
2021-12-21 18:58:08.379 UTC [261] STATEMENT:  CREATE UNIQUE INDEX TBL_TO_WRITE_ID_IDX ON TXN_TO_WRITE_ID (T2W_DATABASE, T2W_TABLE, T2W_WRITEID)
I1221 18:58:09.423125  2087 mem_tracker.cc:282] MemTracker: hard memory limit is 1.163766 GB
I1221 18:58:09.423691  2087 mem_tracker.cc:284] MemTracker: soft memory limit is 0.989201 GB
I1221 18:58:09.432490  2087 thread_pool.cc:171] Starting thread pool { name: pggate_ybclient queue_limit: 10000 max_workers: 1024 }
I1221 18:58:09.437110  2087 pggate.cc:161] Reset YSQL bind address to 0.0.0.0:5432
I1221 18:58:09.437556  2087 server_base_options.cc:137] Updating master addrs to {127.0.0.1:7100}
I1221 18:58:09.441973  2087 pggate.cc:101] InitTServerSharedObject: 0, 0, 10
I1221 18:58:09.442250  2087 pg_client.cc:59] Using TServer host_port: 0.0.0.0:9100
I1221 18:58:09.450949  2094 async_initializer.cc:82] Starting to init ybclient
I1221 18:58:09.451905  2094 client-internal.cc:2355] New master addresses: [127.0.0.1:7100]
I1221 18:58:09.455313  2094 async_initializer.cc:86] Successfully built ybclient
I1221 18:58:11.404953  2091 poller.cc:66] Poll stopped: Service unavailable (yb/rpc/scheduler.cc:80): Scheduler is shutting down (system error 108)
I1221 18:58:11.802202   261 ybccmds.c:473] Creating Table rtdl_catalog_db.public.next_write_id
I1221 18:58:12.318961   261 ybccmds.c:753] Creating index rtdl_catalog_db.public.next_write_id_idx
2021-12-21 18:58:12.959 UTC [261] LOG:  committing pg_index tuple with indislive=true
2021-12-21 18:58:12.959 UTC [261] STATEMENT:  CREATE UNIQUE INDEX NEXT_WRITE_ID_IDX ON NEXT_WRITE_ID (NWI_DATABASE, NWI_TABLE)
2021-12-21 18:58:13.984 UTC [261] LOG:  committing pg_index tuple with indisready=true
2021-12-21 18:58:13.984 UTC [261] STATEMENT:  CREATE UNIQUE INDEX NEXT_WRITE_ID_IDX ON NEXT_WRITE_ID (NWI_DATABASE, NWI_TABLE)
I1221 18:58:15.017424  2110 mem_tracker.cc:282] MemTracker: hard memory limit is 1.163766 GB
I1221 18:58:15.017666  2110 mem_tracker.cc:284] MemTracker: soft memory limit is 0.989201 GB
I1221 18:58:15.021057  2110 thread_pool.cc:171] Starting thread pool { name: pggate_ybclient queue_limit: 10000 max_workers: 1024 }
I1221 18:58:15.023166  2110 pggate.cc:161] Reset YSQL bind address to 0.0.0.0:5432
I1221 18:58:15.023365  2110 server_base_options.cc:137] Updating master addrs to {127.0.0.1:7100}
I1221 18:58:15.024875  2110 pggate.cc:101] InitTServerSharedObject: 0, 0, 10
I1221 18:58:15.025228  2110 pg_client.cc:59] Using TServer host_port: 0.0.0.0:9100
I1221 18:58:15.025357  2117 async_initializer.cc:82] Starting to init ybclient
I1221 18:58:15.025732  2117 client-internal.cc:2355] New master addresses: [127.0.0.1:7100]
I1221 18:58:15.027398  2117 async_initializer.cc:86] Successfully built ybclient
I1221 18:58:15.905920  2114 poller.cc:66] Poll stopped: Service unavailable (yb/rpc/scheduler.cc:80): Scheduler is shutting down (system error 108)
I1221 18:58:16.252370   261 ybccmds.c:473] Creating Table rtdl_catalog_db.public.min_history_level
I1221 18:58:16.713099   261 ybccmds.c:753] Creating index rtdl_catalog_db.public.min_history_level_idx
2021-12-21 18:58:17.169 UTC [261] LOG:  committing pg_index tuple with indislive=true
2021-12-21 18:58:17.169 UTC [261] STATEMENT:  CREATE INDEX MIN_HISTORY_LEVEL_IDX ON MIN_HISTORY_LEVEL (MHL_MIN_OPEN_TXNID)
2021-12-21 18:58:18.188 UTC [261] LOG:  committing pg_index tuple with indisready=true
2021-12-21 18:58:18.188 UTC [261] STATEMENT:  CREATE INDEX MIN_HISTORY_LEVEL_IDX ON MIN_HISTORY_LEVEL (MHL_MIN_OPEN_TXNID)
I1221 18:58:19.217442  2149 mem_tracker.cc:282] MemTracker: hard memory limit is 1.163766 GB
I1221 18:58:19.217729  2149 mem_tracker.cc:284] MemTracker: soft memory limit is 0.989201 GB
I1221 18:58:19.221259  2149 thread_pool.cc:171] Starting thread pool { name: pggate_ybclient queue_limit: 10000 max_workers: 1024 }
I1221 18:58:19.224141  2149 pggate.cc:161] Reset YSQL bind address to 0.0.0.0:5432
I1221 18:58:19.224622  2149 server_base_options.cc:137] Updating master addrs to {127.0.0.1:7100}
I1221 18:58:19.227771  2149 pggate.cc:101] InitTServerSharedObject: 0, 0, 10
I1221 18:58:19.228643  2149 pg_client.cc:59] Using TServer host_port: 0.0.0.0:9100
I1221 18:58:19.229555  2156 async_initializer.cc:82] Starting to init ybclient
I1221 18:58:19.231370  2156 client-internal.cc:2355] New master addresses: [127.0.0.1:7100]
I1221 18:58:19.238143  2156 async_initializer.cc:86] Successfully built ybclient
I1221 18:58:19.810094  2152 poller.cc:66] Poll stopped: Service unavailable (yb/rpc/scheduler.cc:80): Scheduler is shutting down (system error 108)
I1221 18:58:20.518494   261 ybccmds.c:473] Creating Table rtdl_catalog_db.public.materialization_rebuild_locks
I1221 18:58:21.306288   261 ybccmds.c:473] Creating Table rtdl_catalog_db.public.I_SCHEMA
I1221 18:58:21.737901   261 ybccmds.c:753] Creating index rtdl_catalog_db.public.I_SCHEMA_NAME_key
I1221 18:58:22.339481   261 ybccmds.c:473] Creating Table rtdl_catalog_db.public.SCHEMA_VERSION
I1221 18:58:22.750375   261 ybccmds.c:753] Creating index rtdl_catalog_db.public.SCHEMA_VERSION_SCHEMA_ID_VERSION_key
I1221 18:58:23.413877   261 ybccmds.c:473] Creating Table rtdl_catalog_db.public.repl_txn_map
I1221 18:58:23.948434   261 ybccmds.c:473] Creating Table rtdl_catalog_db.public.runtime_stats
I1221 18:58:24.449976   261 ybccmds.c:753] Creating index rtdl_catalog_db.public.idx_runtime_stats_create_time
2021-12-21 18:58:25.101 UTC [261] LOG:  committing pg_index tuple with indislive=true
2021-12-21 18:58:25.101 UTC [261] STATEMENT:  CREATE INDEX IDX_RUNTIME_STATS_CREATE_TIME ON RUNTIME_STATS(CREATE_TIME)
2021-12-21 18:58:26.144 UTC [261] LOG:  committing pg_index tuple with indisready=true
2021-12-21 18:58:26.144 UTC [261] STATEMENT:  CREATE INDEX IDX_RUNTIME_STATS_CREATE_TIME ON RUNTIME_STATS(CREATE_TIME)
I1221 18:58:27.183418  2181 mem_tracker.cc:282] MemTracker: hard memory limit is 1.163766 GB
I1221 18:58:27.183734  2181 mem_tracker.cc:284] MemTracker: soft memory limit is 0.989201 GB
I1221 18:58:27.186287  2181 thread_pool.cc:171] Starting thread pool { name: pggate_ybclient queue_limit: 10000 max_workers: 1024 }
I1221 18:58:27.188320  2181 pggate.cc:161] Reset YSQL bind address to 0.0.0.0:5432
I1221 18:58:27.188438  2181 server_base_options.cc:137] Updating master addrs to {127.0.0.1:7100}
I1221 18:58:27.189384  2181 pggate.cc:101] InitTServerSharedObject: 0, 0, 10
I1221 18:58:27.189546  2181 pg_client.cc:59] Using TServer host_port: 0.0.0.0:9100
I1221 18:58:27.189564  2188 async_initializer.cc:82] Starting to init ybclient
I1221 18:58:27.190150  2188 client-internal.cc:2355] New master addresses: [127.0.0.1:7100]
I1221 18:58:27.196907  2188 async_initializer.cc:86] Successfully built ybclient
I1221 18:58:27.775903  2185 poller.cc:66] Poll stopped: Service unavailable (yb/rpc/scheduler.cc:80): Scheduler is shutting down (system error 108)
I1221 18:58:28.437125   262 poller.cc:66] Poll stopped: Service unavailable (yb/rpc/scheduler.cc:80): Scheduler is shutting down (system error 108)
I1221 18:58:28.462101  2214 mem_tracker.cc:282] MemTracker: hard memory limit is 1.163766 GB
I1221 18:58:28.462360  2214 mem_tracker.cc:284] MemTracker: soft memory limit is 0.989201 GB
I1221 18:58:28.474645  2214 thread_pool.cc:171] Starting thread pool { name: pggate_ybclient queue_limit: 10000 max_workers: 1024 }
I1221 18:58:28.476632  2214 pggate.cc:161] Reset YSQL bind address to 0.0.0.0:5432
I1221 18:58:28.477063  2214 server_base_options.cc:137] Updating master addrs to {127.0.0.1:7100}
I1221 18:58:28.481194  2214 pggate.cc:101] InitTServerSharedObject: 0, 0, 10
I1221 18:58:28.481774  2214 pg_client.cc:59] Using TServer host_port: 0.0.0.0:9100
I1221 18:58:28.486968  2221 async_initializer.cc:82] Starting to init ybclient
I1221 18:58:28.487953  2221 client-internal.cc:2355] New master addresses: [127.0.0.1:7100]
I1221 18:58:28.490413  2221 async_initializer.cc:86] Successfully built ybclient
I1221 18:58:29.173952  2218 poller.cc:66] Poll stopped: Service unavailable (yb/rpc/scheduler.cc:80): Scheduler is shutting down (system error 108)
I1221 21:02:20.176997 14217 mem_tracker.cc:282] MemTracker: hard memory limit is 1.163766 GB
I1221 21:02:20.177832 14217 mem_tracker.cc:284] MemTracker: soft memory limit is 0.989201 GB
I1221 21:02:20.182307 14217 thread_pool.cc:171] Starting thread pool { name: pggate_ybclient queue_limit: 10000 max_workers: 1024 }
I1221 21:02:20.184420 14217 pggate.cc:161] Reset YSQL bind address to 0.0.0.0:5432
I1221 21:02:20.185086 14217 server_base_options.cc:137] Updating master addrs to {127.0.0.1:7100}
I1221 21:02:20.187948 14217 pggate.cc:101] InitTServerSharedObject: 0, 0, 10
I1221 21:02:20.188586 14217 pg_client.cc:59] Using TServer host_port: 0.0.0.0:9100
I1221 21:02:20.189270 14224 async_initializer.cc:82] Starting to init ybclient
I1221 21:02:20.189936 14224 client-internal.cc:2355] New master addresses: [127.0.0.1:7100]
I1221 21:02:20.195278 14224 async_initializer.cc:86] Successfully built ybclient
I1221 21:02:36.242776 14244 mem_tracker.cc:282] MemTracker: hard memory limit is 1.163766 GB
I1221 21:02:36.243196 14244 mem_tracker.cc:284] MemTracker: soft memory limit is 0.989201 GB
I1221 21:02:36.250134 14244 thread_pool.cc:171] Starting thread pool { name: pggate_ybclient queue_limit: 10000 max_workers: 1024 }
I1221 21:02:36.255676 14244 pggate.cc:161] Reset YSQL bind address to 0.0.0.0:5432
I1221 21:02:36.255856 14244 server_base_options.cc:137] Updating master addrs to {127.0.0.1:7100}
I1221 21:02:36.262717 14244 pggate.cc:101] InitTServerSharedObject: 0, 0, 10
I1221 21:02:36.263666 14244 pg_client.cc:59] Using TServer host_port: 0.0.0.0:9100
I1221 21:02:36.263583 14251 async_initializer.cc:82] Starting to init ybclient
I1221 21:02:36.266455 14251 client-internal.cc:2355] New master addresses: [127.0.0.1:7100]
I1221 21:02:36.268949 14251 async_initializer.cc:86] Successfully built ybclient
I1221 21:02:36.474936 14219 poller.cc:66] Poll stopped: Service unavailable (yb/rpc/scheduler.cc:80): Scheduler is shutting down (system error 108)
I1221 21:02:50.972597 14246 poller.cc:66] Poll stopped: Service unavailable (yb/rpc/scheduler.cc:80): Scheduler is shutting down (system error 108)
